<?xml version="1.0" encoding="UTF-8"?>
<!-- Generated by org.testng.reporters.JUnitXMLReporter -->
<testsuite ignored="0" hostname="BINTERNS-QA27L" failures="0" tests="21" name="Default test" time="55.623" errors="0" timestamp="2023-05-10T14:22:39 IST">
  <testcase classname="Test_pkg.Test_DashboardPageHRM" name="applyLeave_checkVisiblity" time="0.084"/>
  <testcase classname="Test_pkg.Test_DashboardPageHRM" name="assignLeave_checkVisiblity" time="0.067"/>
  <testcase classname="Test_pkg.Test_DashboardPageHRM" name="buzzLatestPost_1_checkVisiblity" time="0.072"/>
  <testcase classname="Test_pkg.Test_DashboardPageHRM" name="canvasEmpDistByLocation_checkVisiblity" time="0.053"/>
  <testcase classname="Test_pkg.Test_DashboardPageHRM" name="canvasEmpDistBySubUnit_checkVisiblity" time="0.053"/>
  <testcase classname="Test_pkg.Test_DashboardPageHRM" name="canvasTimeAtWork_checkVisiblity" time="0.048"/>
  <testcase classname="Test_pkg.Test_DashboardPageHRM" name="clockTimeAtWork_checkVisiblity" time="0.052"/>
  <testcase classname="Test_pkg.Test_DashboardPageHRM" name="dashboardHomePage_checkVisiblity" time="0.045"/>
  <testcase classname="Test_pkg.Test_DashboardPageHRM" name="leaveList_checkVisiblity" time="0.048"/>
  <testcase classname="Test_pkg.Test_DashboardPageHRM" name="myLeave_checkVisiblity" time="0.055"/>
  <testcase classname="Test_pkg.Test_DashboardPageHRM" name="myTimeSheet_checkVisiblity" time="0.057"/>
  <testcase classname="Test_pkg.Test_DashboardPageHRM" name="settingsEmpOnLeaveToday_checkVisiblity" time="0.053"/>
  <testcase classname="Test_pkg.Test_DashboardPageHRM" name="timeSheets_checkVisiblity" time="0.053"/>
  <testcase classname="Test_pkg.Test_DashboardPageHRM" name="validate_AssignLeaveButton_Functionality" time="0.682"/>
  <testcase classname="Test_pkg.Test_DashboardPageHRM" name="validate_leaveListButton_Functionality" time="3.957"/>
  <testcase classname="Test_pkg.Test_DashboardPageHRM" name="validate_timeSheetsButton_Functionality" time="3.614"/>
  <testcase classname="Test_pkg.Test_DashboardPageHRM" name="validate_applyleaveButton_Functionality" time="2.518"/>
  <testcase classname="Test_pkg.Test_DashboardPageHRM" name="validate_myleaveButton_Functionality" time="5.803"/>
  <testcase classname="Test_pkg.Test_DashboardPageHRM" name="validate_myTimeSheet_Functionality" time="10.532"/>
  <testcase classname="Test_pkg.Test_DashboardPageHRM" name="validate_collapseButton_Functionality" time="4.827"/>
  <testcase classname="Test_pkg.Test_DashboardPageHRM" name="validate_clockButton_Functionality" time="1.858"/>
</testsuite> <!-- Default test -->
