<?xml version="1.0" encoding="UTF-8"?>
<!-- Generated by org.testng.reporters.JUnitXMLReporter -->
<testsuite ignored="0" hostname="BINTERNS-QA27L" failures="0" tests="10" name="Default test" time="41.103" errors="0" timestamp="2023-05-12T16:15:19 IST">
  <testcase classname="Test_pkg.Test_DashboardPageHRM" name="assignLeave_checkVisiblity" time="0.036"/>
  <testcase classname="Test_pkg.Test_DashboardPageHRM" name="dashboardHomePage_checkVisiblity" time="0.022"/>
  <testcase classname="Test_pkg.Test_DashboardPageHRM" name="validate_AssignLeaveButton_Functionality" time="0.485"/>
  <testcase classname="Test_pkg.Test_DashboardPageHRM" name="validate_leaveListButton_Functionality" time="2.275"/>
  <testcase classname="Test_pkg.Test_DashboardPageHRM" name="validate_timeSheetsButton_Functionality" time="2.367"/>
  <testcase classname="Test_pkg.Test_DashboardPageHRM" name="validate_applyleaveButton_Functionality" time="2.071"/>
  <testcase classname="Test_pkg.Test_DashboardPageHRM" name="validate_myleaveButton_Functionality" time="2.593"/>
  <testcase classname="Test_pkg.Test_DashboardPageHRM" name="validate_myTimeSheet_Functionality" time="4.001"/>
  <testcase classname="Test_pkg.Test_DashboardPageHRM" name="validate_collapseButton_Functionality" time="4.328"/>
  <testcase classname="Test_pkg.Test_DashboardPageHRM" name="validate_clockButton_Functionality" time="1.501"/>
</testsuite> <!-- Default test -->
