<?xml version="1.0" encoding="UTF-8"?>
<!-- Generated by org.testng.reporters.JUnitXMLReporter -->
<testsuite ignored="0" hostname="BINTERNS-QA27L" failures="0" tests="12" name="Test" time="33.323" errors="0" timestamp="2023-05-08T19:09:47 IST">
  <testcase classname="Test_pkg.Test_LoginPageHRM" name="validateVisiblity" time="5.147"/>
  <testcase classname="Test_pkg.Test_LoginPageHRM" name="validate_Loginfunctionality_invalidUname_validPass" time="1.115"/>
  <testcase classname="Test_pkg.Test_LoginPageHRM" name="validate_Loginfunctionality_invalidUname_invalidPass" time="1.473"/>
  <testcase classname="Test_pkg.Test_LoginPageHRM" name="validate_Loginfunctionality_validUname_invalidPass" time="1.911"/>
  <testcase classname="Test_pkg.Test_LoginPageHRM" name="validate_Loginfunctionality_validUname_blankPass" time="0.923"/>
  <testcase classname="Test_pkg.Test_LoginPageHRM" name="validate_Loginfunctionality_blankUname_blankPass" time="0.838"/>
  <testcase classname="Test_pkg.Test_LoginPageHRM" name="validate_Loginfunctionality_blankUname_validPass" time="0.807"/>
  <testcase classname="Test_pkg.Test_LoginPageHRM" name="validate_Loginfunctionality_validUname_validPass" time="1.503"/>
  <testcase classname="Test_pkg.Test_LoginPageHRM" name="validate_logoutFunctionality" time="1.72"/>
  <testcase classname="Test_pkg.Test_LoginPageHRM" name="validate_errorMessage" time="1.538"/>
  <testcase classname="Test_pkg.Test_LoginPageHRM" name="validate_encryptedPass" time="0.099"/>
  <testcase classname="Test_pkg.Test_LoginPageHRM" name="validateForgotPassFunctionality" time="1.929"/>
</testsuite> <!-- Test -->
