<?xml version="1.0" encoding="UTF-8"?>
<!-- Generated by org.testng.reporters.JUnitReportReporter -->
<testsuite hostname="BINTERNS-QA27L" failures="0" tests="11" name="Test_pkg.Test_ReviewModule_PerformancePageHRM" time="20.288" errors="2" timestamp="2023-05-08T16:33:08 IST" skipped="0">
  <testcase classname="Test_pkg.Test_ReviewModule_PerformancePageHRM" name="checkVisibility_PerformancePage" time="0.480"/>
  <system-out/>
  <testcase classname="Test_pkg.Test_ReviewModule_PerformancePageHRM" name="Validate_PerformancePageLoadsSuccessfully" time="0.031"/>
  <system-out/>
  <testcase classname="Test_pkg.Test_ReviewModule_PerformancePageHRM" name="Validate_ManagereviewsButton_Functionality" time="1.071"/>
  <system-out/>
  <testcase classname="Test_pkg.Test_ReviewModule_PerformancePageHRM" name="validate_SearchReviews_functionality" time="1.587"/>
  <system-out/>
  <testcase classname="Test_pkg.Test_ReviewModule_PerformancePageHRM" name="check_Sort_Functionality" time="0.000"/>
  <system-out/>
  <testcase classname="Test_pkg.Test_ReviewModule_PerformancePageHRM" name="validate_collapseButton" time="0.050"/>
  <system-out/>
  <testcase classname="Test_pkg.Test_ReviewModule_PerformancePageHRM" name="Validate_MyReviewsButton_Functionality" time="0.805"/>
  <system-out/>
  <testcase classname="Test_pkg.Test_ReviewModule_PerformancePageHRM" name="Validate_ActionsButton_Functionality" time="1.622"/>
  <system-out/>
  <testcase classname="Test_pkg.Test_ReviewModule_PerformancePageHRM" name="Validate_SelfEvaulation_Functionality" time="12.849">
    <error message="no such element: Unable to locate element: {&quot;method&quot;:&quot;xpath&quot;,&quot;selector&quot;:&quot;(//input[@class=&#039;oxd-input oxd-input--active&#039;])[6]&quot;}
  (Session info: chrome=112.0.5615.138)
For documentation on this error, please visit: https://selenium.dev/exceptions/#no_such_element
Build info: version: &#039;4.8.1&#039;, revision: &#039;8ebccac989&#039;
System info: os.name: &#039;Windows 10&#039;, os.arch: &#039;amd64&#039;, os.version: &#039;10.0&#039;, java.version: &#039;17.0.5&#039;
Driver info: org.openqa.selenium.chrome.ChromeDriver
Command: [c9c2ea143fae9d67b9251dc5730a748d, findElement {using=xpath, value=(//input[@class=&#039;oxd-input oxd-input--active&#039;])[6]}]
Capabilities {acceptInsecureCerts: false, browserName: chrome, browserVersion: 112.0.5615.138, chrome: {chromedriverVersion: 112.0.5615.49 (bd2a7bcb881c..., userDataDir: C:\Users\sakkal\AppData\Loc...}, goog:chromeOptions: {debuggerAddress: localhost:53931}, networkConnectionEnabled: false, pageLoadStrategy: normal, platformName: WINDOWS, proxy: Proxy(), se:cdp: ws://localhost:53931/devtoo..., se:cdpVersion: 112.0.5615.138, setWindowRect: true, strictFileInteractability: false, timeouts: {implicit: 0, pageLoad: 300000, script: 30000}, unhandledPromptBehavior: dismiss and notify, webauthn:extension:credBlob: true, webauthn:extension:largeBlob: true, webauthn:extension:minPinLength: true, webauthn:extension:prf: true, webauthn:virtualAuthenticators: true}
Session ID: c9c2ea143fae9d67b9251dc5730a748d" type="org.openqa.selenium.NoSuchElementException">
      <![CDATA[org.openqa.selenium.NoSuchElementException: no such element: Unable to locate element: {"method":"xpath","selector":"(//input[@class='oxd-input oxd-input--active'])[6]"}
  (Session info: chrome=112.0.5615.138)
For documentation on this error, please visit: https://selenium.dev/exceptions/#no_such_element
Build info: version: '4.8.1', revision: '8ebccac989'
System info: os.name: 'Windows 10', os.arch: 'amd64', os.version: '10.0', java.version: '17.0.5'
Driver info: org.openqa.selenium.chrome.ChromeDriver
Command: [c9c2ea143fae9d67b9251dc5730a748d, findElement {using=xpath, value=(//input[@class='oxd-input oxd-input--active'])[6]}]
Capabilities {acceptInsecureCerts: false, browserName: chrome, browserVersion: 112.0.5615.138, chrome: {chromedriverVersion: 112.0.5615.49 (bd2a7bcb881c..., userDataDir: C:\Users\sakkal\AppData\Loc...}, goog:chromeOptions: {debuggerAddress: localhost:53931}, networkConnectionEnabled: false, pageLoadStrategy: normal, platformName: WINDOWS, proxy: Proxy(), se:cdp: ws://localhost:53931/devtoo..., se:cdpVersion: 112.0.5615.138, setWindowRect: true, strictFileInteractability: false, timeouts: {implicit: 0, pageLoad: 300000, script: 30000}, unhandledPromptBehavior: dismiss and notify, webauthn:extension:credBlob: true, webauthn:extension:largeBlob: true, webauthn:extension:minPinLength: true, webauthn:extension:prf: true, webauthn:virtualAuthenticators: true}
Session ID: c9c2ea143fae9d67b9251dc5730a748d
at java.base/jdk.internal.reflect.NativeConstructorAccessorImpl.newInstance0(Native Method)
at java.base/jdk.internal.reflect.NativeConstructorAccessorImpl.newInstance(NativeConstructorAccessorImpl.java:77)
at java.base/jdk.internal.reflect.DelegatingConstructorAccessorImpl.newInstance(DelegatingConstructorAccessorImpl.java:45)
at java.base/java.lang.reflect.Constructor.newInstanceWithCaller(Constructor.java:499)
at java.base/java.lang.reflect.Constructor.newInstance(Constructor.java:480)
at org.openqa.selenium.remote.codec.w3c.W3CHttpResponseCodec.createException(W3CHttpResponseCodec.java:200)
at org.openqa.selenium.remote.codec.w3c.W3CHttpResponseCodec.decode(W3CHttpResponseCodec.java:133)
at org.openqa.selenium.remote.codec.w3c.W3CHttpResponseCodec.decode(W3CHttpResponseCodec.java:53)
at org.openqa.selenium.remote.HttpCommandExecutor.execute(HttpCommandExecutor.java:184)
at org.openqa.selenium.remote.service.DriverCommandExecutor.invokeExecute(DriverCommandExecutor.java:167)
at org.openqa.selenium.remote.service.DriverCommandExecutor.execute(DriverCommandExecutor.java:142)
at org.openqa.selenium.remote.RemoteWebDriver.execute(RemoteWebDriver.java:543)
at org.openqa.selenium.remote.ElementLocation$ElementFinder$2.findElement(ElementLocation.java:162)
at org.openqa.selenium.remote.ElementLocation.findElement(ElementLocation.java:60)
at org.openqa.selenium.remote.RemoteWebDriver.findElement(RemoteWebDriver.java:352)
at org.openqa.selenium.remote.RemoteWebDriver.findElement(RemoteWebDriver.java:344)
at org.openqa.selenium.support.pagefactory.DefaultElementLocator.findElement(DefaultElementLocator.java:70)
at org.openqa.selenium.support.pagefactory.internal.LocatingElementHandler.invoke(LocatingElementHandler.java:39)
at jdk.proxy2/jdk.proxy2.$Proxy18.sendKeys(Unknown Source)
at Actions.Actions_ReviewModule_Performance.a_entereVaulationDetails(Actions_ReviewModule_Performance.java:65)
at Test_pkg.Test_ReviewModule_PerformancePageHRM.Validate_SelfEvaulation_Functionality(Test_ReviewModule_PerformancePageHRM.java:99)
at java.base/jdk.internal.reflect.NativeMethodAccessorImpl.invoke0(Native Method)
at java.base/jdk.internal.reflect.NativeMethodAccessorImpl.invoke(NativeMethodAccessorImpl.java:77)
at java.base/jdk.internal.reflect.DelegatingMethodAccessorImpl.invoke(DelegatingMethodAccessorImpl.java:43)
at java.base/java.lang.reflect.Method.invoke(Method.java:568)
at org.testng.internal.invokers.MethodInvocationHelper.invokeMethod(MethodInvocationHelper.java:139)
at org.testng.internal.invokers.TestInvoker.invokeMethod(TestInvoker.java:677)
at org.testng.internal.invokers.TestInvoker.invokeTestMethod(TestInvoker.java:221)
at org.testng.internal.invokers.MethodRunner.runInSequence(MethodRunner.java:50)
at org.testng.internal.invokers.TestInvoker$MethodInvocationAgent.invoke(TestInvoker.java:969)
at org.testng.internal.invokers.TestInvoker.invokeTestMethods(TestInvoker.java:194)
at org.testng.internal.invokers.TestMethodWorker.invokeTestMethods(TestMethodWorker.java:148)
at org.testng.internal.invokers.TestMethodWorker.run(TestMethodWorker.java:128)
at java.base/java.util.ArrayList.forEach(ArrayList.java:1511)
at org.testng.TestRunner.privateRun(TestRunner.java:829)
at org.testng.TestRunner.run(TestRunner.java:602)
at org.testng.SuiteRunner.runTest(SuiteRunner.java:437)
at org.testng.SuiteRunner.runSequentially(SuiteRunner.java:431)
at org.testng.SuiteRunner.privateRun(SuiteRunner.java:391)
at org.testng.SuiteRunner.run(SuiteRunner.java:330)
at org.testng.SuiteRunnerWorker.runSuite(SuiteRunnerWorker.java:52)
at org.testng.SuiteRunnerWorker.run(SuiteRunnerWorker.java:95)
at org.testng.TestNG.runSuitesSequentially(TestNG.java:1256)
at org.testng.TestNG.runSuitesLocally(TestNG.java:1176)
at org.testng.TestNG.runSuites(TestNG.java:1099)
at org.testng.TestNG.run(TestNG.java:1067)
at org.testng.remote.AbstractRemoteTestNG.run(AbstractRemoteTestNG.java:115)
at org.testng.remote.RemoteTestNG.initAndRun(RemoteTestNG.java:251)
at org.testng.remote.RemoteTestNG.main(RemoteTestNG.java:77)
]]>
    </error>
  </testcase> <!-- Validate_SelfEvaulation_Functionality -->
  <system-out/>
  <testcase classname="Test_pkg.Test_ReviewModule_PerformancePageHRM" name="Validate_employeeReviewsButton_Functionality" time="0.678"/>
  <system-out/>
  <testcase classname="Test_pkg.Test_ReviewModule_PerformancePageHRM" name="Validate_employeeSort" time="1.115">
    <error type="java.lang.StackOverflowError">
      <![CDATA[java.lang.StackOverflowError
at UI_elements.UI_ReviewModule_PerformancePageHRM.sort_desceding(UI_ReviewModule_PerformancePageHRM.java:240)
at UI_elements.UI_ReviewModule_PerformancePageHRM.sort_desceding(UI_ReviewModule_PerformancePageHRM.java:240)
at UI_elements.UI_ReviewModule_PerformancePageHRM.sort_desceding(UI_ReviewModule_PerformancePageHRM.java:240)
at UI_elements.UI_ReviewModule_PerformancePageHRM.sort_desceding(UI_ReviewModule_PerformancePageHRM.java:240)
at UI_elements.UI_ReviewModule_PerformancePageHRM.sort_desceding(UI_ReviewModule_PerformancePageHRM.java:240)
at UI_elements.UI_ReviewModule_PerformancePageHRM.sort_desceding(UI_ReviewModule_PerformancePageHRM.java:240)
at UI_elements.UI_ReviewModule_PerformancePageHRM.sort_desceding(UI_ReviewModule_PerformancePageHRM.java:240)
at UI_elements.UI_ReviewModule_PerformancePageHRM.sort_desceding(UI_ReviewModule_PerformancePageHRM.java:240)
at UI_elements.UI_ReviewModule_PerformancePageHRM.sort_desceding(UI_ReviewModule_PerformancePageHRM.java:240)
at UI_elements.UI_ReviewModule_PerformancePageHRM.sort_desceding(UI_ReviewModule_PerformancePageHRM.java:240)
at UI_elements.UI_ReviewModule_PerformancePageHRM.sort_desceding(UI_ReviewModule_PerformancePageHRM.java:240)
at UI_elements.UI_ReviewModule_PerformancePageHRM.sort_desceding(UI_ReviewModule_PerformancePageHRM.java:240)
at UI_elements.UI_ReviewModule_PerformancePageHRM.sort_desceding(UI_ReviewModule_PerformancePageHRM.java:240)
at UI_elements.UI_ReviewModule_PerformancePageHRM.sort_desceding(UI_ReviewModule_PerformancePageHRM.java:240)
at UI_elements.UI_ReviewModule_PerformancePageHRM.sort_desceding(UI_ReviewModule_PerformancePageHRM.java:240)
at UI_elements.UI_ReviewModule_PerformancePageHRM.sort_desceding(UI_ReviewModule_PerformancePageHRM.java:240)
at UI_elements.UI_ReviewModule_PerformancePageHRM.sort_desceding(UI_ReviewModule_PerformancePageHRM.java:240)
at UI_elements.UI_ReviewModule_PerformancePageHRM.sort_desceding(UI_ReviewModule_PerformancePageHRM.java:240)
at UI_elements.UI_ReviewModule_PerformancePageHRM.sort_desceding(UI_ReviewModule_PerformancePageHRM.java:240)
at UI_elements.UI_ReviewModule_PerformancePageHRM.sort_desceding(UI_ReviewModule_PerformancePageHRM.java:240)
at UI_elements.UI_ReviewModule_PerformancePageHRM.sort_desceding(UI_ReviewModule_PerformancePageHRM.java:240)
at UI_elements.UI_ReviewModule_PerformancePageHRM.sort_desceding(UI_ReviewModule_PerformancePageHRM.java:240)
at UI_elements.UI_ReviewModule_PerformancePageHRM.sort_desceding(UI_ReviewModule_PerformancePageHRM.java:240)
at UI_elements.UI_ReviewModule_PerformancePageHRM.sort_desceding(UI_ReviewModule_PerformancePageHRM.java:240)
at UI_elements.UI_ReviewModule_PerformancePageHRM.sort_desceding(UI_ReviewModule_PerformancePageHRM.java:240)
at UI_elements.UI_ReviewModule_PerformancePageHRM.sort_desceding(UI_ReviewModule_PerformancePageHRM.java:240)
at UI_elements.UI_ReviewModule_PerformancePageHRM.sort_desceding(UI_ReviewModule_PerformancePageHRM.java:240)
at UI_elements.UI_ReviewModule_PerformancePageHRM.sort_desceding(UI_ReviewModule_PerformancePageHRM.java:240)
at UI_elements.UI_ReviewModule_PerformancePageHRM.sort_desceding(UI_ReviewModule_PerformancePageHRM.java:240)
at UI_elements.UI_ReviewModule_PerformancePageHRM.sort_desceding(UI_ReviewModule_PerformancePageHRM.java:240)
at UI_elements.UI_ReviewModule_PerformancePageHRM.sort_desceding(UI_ReviewModule_PerformancePageHRM.java:240)
at UI_elements.UI_ReviewModule_PerformancePageHRM.sort_desceding(UI_ReviewModule_PerformancePageHRM.java:240)
at UI_elements.UI_ReviewModule_PerformancePageHRM.sort_desceding(UI_ReviewModule_PerformancePageHRM.java:240)
at UI_elements.UI_ReviewModule_PerformancePageHRM.sort_desceding(UI_ReviewModule_PerformancePageHRM.java:240)
at UI_elements.UI_ReviewModule_PerformancePageHRM.sort_desceding(UI_ReviewModule_PerformancePageHRM.java:240)
at UI_elements.UI_ReviewModule_PerformancePageHRM.sort_desceding(UI_ReviewModule_PerformancePageHRM.java:240)
at UI_elements.UI_ReviewModule_PerformancePageHRM.sort_desceding(UI_ReviewModule_PerformancePageHRM.java:240)
at UI_elements.UI_ReviewModule_PerformancePageHRM.sort_desceding(UI_ReviewModule_PerformancePageHRM.java:240)
at UI_elements.UI_ReviewModule_PerformancePageHRM.sort_desceding(UI_ReviewModule_PerformancePageHRM.java:240)
at UI_elements.UI_ReviewModule_PerformancePageHRM.sort_desceding(UI_ReviewModule_PerformancePageHRM.java:240)
at UI_elements.UI_ReviewModule_PerformancePageHRM.sort_desceding(UI_ReviewModule_PerformancePageHRM.java:240)
at UI_elements.UI_ReviewModule_PerformancePageHRM.sort_desceding(UI_ReviewModule_PerformancePageHRM.java:240)
at UI_elements.UI_ReviewModule_PerformancePageHRM.sort_desceding(UI_ReviewModule_PerformancePageHRM.java:240)
at UI_elements.UI_ReviewModule_PerformancePageHRM.sort_desceding(UI_ReviewModule_PerformancePageHRM.java:240)
at UI_elements.UI_ReviewModule_PerformancePageHRM.sort_desceding(UI_ReviewModule_PerformancePageHRM.java:240)
at UI_elements.UI_ReviewModule_PerformancePageHRM.sort_desceding(UI_ReviewModule_PerformancePageHRM.java:240)
at UI_elements.UI_ReviewModule_PerformancePageHRM.sort_desceding(UI_ReviewModule_PerformancePageHRM.java:240)
at UI_elements.UI_ReviewModule_PerformancePageHRM.sort_desceding(UI_ReviewModule_PerformancePageHRM.java:240)
at UI_elements.UI_ReviewModule_PerformancePageHRM.sort_desceding(UI_ReviewModule_PerformancePageHRM.java:240)
at UI_elements.UI_ReviewModule_PerformancePageHRM.sort_desceding(UI_ReviewModule_PerformancePageHRM.java:240)
at UI_elements.UI_ReviewModule_PerformancePageHRM.sort_desceding(UI_ReviewModule_PerformancePageHRM.java:240)
at UI_elements.UI_ReviewModule_PerformancePageHRM.sort_desceding(UI_ReviewModule_PerformancePageHRM.java:240)
at UI_elements.UI_ReviewModule_PerformancePageHRM.sort_desceding(UI_ReviewModule_PerformancePageHRM.java:240)
at UI_elements.UI_ReviewModule_PerformancePageHRM.sort_desceding(UI_ReviewModule_PerformancePageHRM.java:240)
at UI_elements.UI_ReviewModule_PerformancePageHRM.sort_desceding(UI_ReviewModule_PerformancePageHRM.java:240)
at UI_elements.UI_ReviewModule_PerformancePageHRM.sort_desceding(UI_ReviewModule_PerformancePageHRM.java:240)
at UI_elements.UI_ReviewModule_PerformancePageHRM.sort_desceding(UI_ReviewModule_PerformancePageHRM.java:240)
at UI_elements.UI_ReviewModule_PerformancePageHRM.sort_desceding(UI_ReviewModule_PerformancePageHRM.java:240)
at UI_elements.UI_ReviewModule_PerformancePageHRM.sort_desceding(UI_ReviewModule_PerformancePageHRM.java:240)
at UI_elements.UI_ReviewModule_PerformancePageHRM.sort_desceding(UI_ReviewModule_PerformancePageHRM.java:240)
at UI_elements.UI_ReviewModule_PerformancePageHRM.sort_desceding(UI_ReviewModule_PerformancePageHRM.java:240)
at UI_elements.UI_ReviewModule_PerformancePageHRM.sort_desceding(UI_ReviewModule_PerformancePageHRM.java:240)
at UI_elements.UI_ReviewModule_PerformancePageHRM.sort_desceding(UI_ReviewModule_PerformancePageHRM.java:240)
at UI_elements.UI_ReviewModule_PerformancePageHRM.sort_desceding(UI_ReviewModule_PerformancePageHRM.java:240)
at UI_elements.UI_ReviewModule_PerformancePageHRM.sort_desceding(UI_ReviewModule_PerformancePageHRM.java:240)
at UI_elements.UI_ReviewModule_PerformancePageHRM.sort_desceding(UI_ReviewModule_PerformancePageHRM.java:240)
at UI_elements.UI_ReviewModule_PerformancePageHRM.sort_desceding(UI_ReviewModule_PerformancePageHRM.java:240)
at UI_elements.UI_ReviewModule_PerformancePageHRM.sort_desceding(UI_ReviewModule_PerformancePageHRM.java:240)
at UI_elements.UI_ReviewModule_PerformancePageHRM.sort_desceding(UI_ReviewModule_PerformancePageHRM.java:240)
at UI_elements.UI_ReviewModule_PerformancePageHRM.sort_desceding(UI_ReviewModule_PerformancePageHRM.java:240)
at UI_elements.UI_ReviewModule_PerformancePageHRM.sort_desceding(UI_ReviewModule_PerformancePageHRM.java:240)
at UI_elements.UI_ReviewModule_PerformancePageHRM.sort_desceding(UI_ReviewModule_PerformancePageHRM.java:240)
at UI_elements.UI_ReviewModule_PerformancePageHRM.sort_desceding(UI_ReviewModule_PerformancePageHRM.java:240)
at UI_elements.UI_ReviewModule_PerformancePageHRM.sort_desceding(UI_ReviewModule_PerformancePageHRM.java:240)
at UI_elements.UI_ReviewModule_PerformancePageHRM.sort_desceding(UI_ReviewModule_PerformancePageHRM.java:240)
at UI_elements.UI_ReviewModule_PerformancePageHRM.sort_desceding(UI_ReviewModule_PerformancePageHRM.java:240)
at UI_elements.UI_ReviewModule_PerformancePageHRM.sort_desceding(UI_ReviewModule_PerformancePageHRM.java:240)
at UI_elements.UI_ReviewModule_PerformancePageHRM.sort_desceding(UI_ReviewModule_PerformancePageHRM.java:240)
at UI_elements.UI_ReviewModule_PerformancePageHRM.sort_desceding(UI_ReviewModule_PerformancePageHRM.java:240)
at UI_elements.UI_ReviewModule_PerformancePageHRM.sort_desceding(UI_ReviewModule_PerformancePageHRM.java:240)
at UI_elements.UI_ReviewModule_PerformancePageHRM.sort_desceding(UI_ReviewModule_PerformancePageHRM.java:240)
at UI_elements.UI_ReviewModule_PerformancePageHRM.sort_desceding(UI_ReviewModule_PerformancePageHRM.java:240)
at UI_elements.UI_ReviewModule_PerformancePageHRM.sort_desceding(UI_ReviewModule_PerformancePageHRM.java:240)
at UI_elements.UI_ReviewModule_PerformancePageHRM.sort_desceding(UI_ReviewModule_PerformancePageHRM.java:240)
at UI_elements.UI_ReviewModule_PerformancePageHRM.sort_desceding(UI_ReviewModule_PerformancePageHRM.java:240)
at UI_elements.UI_ReviewModule_PerformancePageHRM.sort_desceding(UI_ReviewModule_PerformancePageHRM.java:240)
at UI_elements.UI_ReviewModule_PerformancePageHRM.sort_desceding(UI_ReviewModule_PerformancePageHRM.java:240)
at UI_elements.UI_ReviewModule_PerformancePageHRM.sort_desceding(UI_ReviewModule_PerformancePageHRM.java:240)
at UI_elements.UI_ReviewModule_PerformancePageHRM.sort_desceding(UI_ReviewModule_PerformancePageHRM.java:240)
at UI_elements.UI_ReviewModule_PerformancePageHRM.sort_desceding(UI_ReviewModule_PerformancePageHRM.java:240)
at UI_elements.UI_ReviewModule_PerformancePageHRM.sort_desceding(UI_ReviewModule_PerformancePageHRM.java:240)
at UI_elements.UI_ReviewModule_PerformancePageHRM.sort_desceding(UI_ReviewModule_PerformancePageHRM.java:240)
at UI_elements.UI_ReviewModule_PerformancePageHRM.sort_desceding(UI_ReviewModule_PerformancePageHRM.java:240)
at UI_elements.UI_ReviewModule_PerformancePageHRM.sort_desceding(UI_ReviewModule_PerformancePageHRM.java:240)
at UI_elements.UI_ReviewModule_PerformancePageHRM.sort_desceding(UI_ReviewModule_PerformancePageHRM.java:240)
at UI_elements.UI_ReviewModule_PerformancePageHRM.sort_desceding(UI_ReviewModule_PerformancePageHRM.java:240)
at UI_elements.UI_ReviewModule_PerformancePageHRM.sort_desceding(UI_ReviewModule_PerformancePageHRM.java:240)
at UI_elements.UI_ReviewModule_PerformancePageHRM.sort_desceding(UI_ReviewModule_PerformancePageHRM.java:240)
at UI_elements.UI_ReviewModule_PerformancePageHRM.sort_desceding(UI_ReviewModule_PerformancePageHRM.java:240)
at UI_elements.UI_ReviewModule_PerformancePageHRM.sort_desceding(UI_ReviewModule_PerformancePageHRM.java:240)
at UI_elements.UI_ReviewModule_PerformancePageHRM.sort_desceding(UI_ReviewModule_PerformancePageHRM.java:240)
at UI_elements.UI_ReviewModule_PerformancePageHRM.sort_desceding(UI_ReviewModule_PerformancePageHRM.java:240)
at UI_elements.UI_ReviewModule_PerformancePageHRM.sort_desceding(UI_ReviewModule_PerformancePageHRM.java:240)
at UI_elements.UI_ReviewModule_PerformancePageHRM.sort_desceding(UI_ReviewModule_PerformancePageHRM.java:240)
at UI_elements.UI_ReviewModule_PerformancePageHRM.sort_desceding(UI_ReviewModule_PerformancePageHRM.java:240)
at UI_elements.UI_ReviewModule_PerformancePageHRM.sort_desceding(UI_ReviewModule_PerformancePageHRM.java:240)
at UI_elements.UI_ReviewModule_PerformancePageHRM.sort_desceding(UI_ReviewModule_PerformancePageHRM.java:240)
at UI_elements.UI_ReviewModule_PerformancePageHRM.sort_desceding(UI_ReviewModule_PerformancePageHRM.java:240)
at UI_elements.UI_ReviewModule_PerformancePageHRM.sort_desceding(UI_ReviewModule_PerformancePageHRM.java:240)
at UI_elements.UI_ReviewModule_PerformancePageHRM.sort_desceding(UI_ReviewModule_PerformancePageHRM.java:240)
at UI_elements.UI_ReviewModule_PerformancePageHRM.sort_desceding(UI_ReviewModule_PerformancePageHRM.java:240)
at UI_elements.UI_ReviewModule_PerformancePageHRM.sort_desceding(UI_ReviewModule_PerformancePageHRM.java:240)
at UI_elements.UI_ReviewModule_PerformancePageHRM.sort_desceding(UI_ReviewModule_PerformancePageHRM.java:240)
at UI_elements.UI_ReviewModule_PerformancePageHRM.sort_desceding(UI_ReviewModule_PerformancePageHRM.java:240)
at UI_elements.UI_ReviewModule_PerformancePageHRM.sort_desceding(UI_ReviewModule_PerformancePageHRM.java:240)
at UI_elements.UI_ReviewModule_PerformancePageHRM.sort_desceding(UI_ReviewModule_PerformancePageHRM.java:240)
at UI_elements.UI_ReviewModule_PerformancePageHRM.sort_desceding(UI_ReviewModule_PerformancePageHRM.java:240)
at UI_elements.UI_ReviewModule_PerformancePageHRM.sort_desceding(UI_ReviewModule_PerformancePageHRM.java:240)
at UI_elements.UI_ReviewModule_PerformancePageHRM.sort_desceding(UI_ReviewModule_PerformancePageHRM.java:240)
at UI_elements.UI_ReviewModule_PerformancePageHRM.sort_desceding(UI_ReviewModule_PerformancePageHRM.java:240)
at UI_elements.UI_ReviewModule_PerformancePageHRM.sort_desceding(UI_ReviewModule_PerformancePageHRM.java:240)
at UI_elements.UI_ReviewModule_PerformancePageHRM.sort_desceding(UI_ReviewModule_PerformancePageHRM.java:240)
at UI_elements.UI_ReviewModule_PerformancePageHRM.sort_desceding(UI_ReviewModule_PerformancePageHRM.java:240)
at UI_elements.UI_ReviewModule_PerformancePageHRM.sort_desceding(UI_ReviewModule_PerformancePageHRM.java:240)
at UI_elements.UI_ReviewModule_PerformancePageHRM.sort_desceding(UI_ReviewModule_PerformancePageHRM.java:240)
at UI_elements.UI_ReviewModule_PerformancePageHRM.sort_desceding(UI_ReviewModule_PerformancePageHRM.java:240)
at UI_elements.UI_ReviewModule_PerformancePageHRM.sort_desceding(UI_ReviewModule_PerformancePageHRM.java:240)
at UI_elements.UI_ReviewModule_PerformancePageHRM.sort_desceding(UI_ReviewModule_PerformancePageHRM.java:240)
at UI_elements.UI_ReviewModule_PerformancePageHRM.sort_desceding(UI_ReviewModule_PerformancePageHRM.java:240)
at UI_elements.UI_ReviewModule_PerformancePageHRM.sort_desceding(UI_ReviewModule_PerformancePageHRM.java:240)
at UI_elements.UI_ReviewModule_PerformancePageHRM.sort_desceding(UI_ReviewModule_PerformancePageHRM.java:240)
at UI_elements.UI_ReviewModule_PerformancePageHRM.sort_desceding(UI_ReviewModule_PerformancePageHRM.java:240)
at UI_elements.UI_ReviewModule_PerformancePageHRM.sort_desceding(UI_ReviewModule_PerformancePageHRM.java:240)
at UI_elements.UI_ReviewModule_PerformancePageHRM.sort_desceding(UI_ReviewModule_PerformancePageHRM.java:240)
at UI_elements.UI_ReviewModule_PerformancePageHRM.sort_desceding(UI_ReviewModule_PerformancePageHRM.java:240)
at UI_elements.UI_ReviewModule_PerformancePageHRM.sort_desceding(UI_ReviewModule_PerformancePageHRM.java:240)
at UI_elements.UI_ReviewModule_PerformancePageHRM.sort_desceding(UI_ReviewModule_PerformancePageHRM.java:240)
at UI_elements.UI_ReviewModule_PerformancePageHRM.sort_desceding(UI_ReviewModule_PerformancePageHRM.java:240)
at UI_elements.UI_ReviewModule_PerformancePageHRM.sort_desceding(UI_ReviewModule_PerformancePageHRM.java:240)
at UI_elements.UI_ReviewModule_PerformancePageHRM.sort_desceding(UI_ReviewModule_PerformancePageHRM.java:240)
at UI_elements.UI_ReviewModule_PerformancePageHRM.sort_desceding(UI_ReviewModule_PerformancePageHRM.java:240)
at UI_elements.UI_ReviewModule_PerformancePageHRM.sort_desceding(UI_ReviewModule_PerformancePageHRM.java:240)
at UI_elements.UI_ReviewModule_PerformancePageHRM.sort_desceding(UI_ReviewModule_PerformancePageHRM.java:240)
at UI_elements.UI_ReviewModule_PerformancePageHRM.sort_desceding(UI_ReviewModule_PerformancePageHRM.java:240)
at UI_elements.UI_ReviewModule_PerformancePageHRM.sort_desceding(UI_ReviewModule_PerformancePageHRM.java:240)
at UI_elements.UI_ReviewModule_PerformancePageHRM.sort_desceding(UI_ReviewModule_PerformancePageHRM.java:240)
at UI_elements.UI_ReviewModule_PerformancePageHRM.sort_desceding(UI_ReviewModule_PerformancePageHRM.java:240)
at UI_elements.UI_ReviewModule_PerformancePageHRM.sort_desceding(UI_ReviewModule_PerformancePageHRM.java:240)
at UI_elements.UI_ReviewModule_PerformancePageHRM.sort_desceding(UI_ReviewModule_PerformancePageHRM.java:240)
at UI_elements.UI_ReviewModule_PerformancePageHRM.sort_desceding(UI_ReviewModule_PerformancePageHRM.java:240)
at UI_elements.UI_ReviewModule_PerformancePageHRM.sort_desceding(UI_ReviewModule_PerformancePageHRM.java:240)
at UI_elements.UI_ReviewModule_PerformancePageHRM.sort_desceding(UI_ReviewModule_PerformancePageHRM.java:240)
at UI_elements.UI_ReviewModule_PerformancePageHRM.sort_desceding(UI_ReviewModule_PerformancePageHRM.java:240)
at UI_elements.UI_ReviewModule_PerformancePageHRM.sort_desceding(UI_ReviewModule_PerformancePageHRM.java:240)
at UI_elements.UI_ReviewModule_PerformancePageHRM.sort_desceding(UI_ReviewModule_PerformancePageHRM.java:240)
at UI_elements.UI_ReviewModule_PerformancePageHRM.sort_desceding(UI_ReviewModule_PerformancePageHRM.java:240)
at UI_elements.UI_ReviewModule_PerformancePageHRM.sort_desceding(UI_ReviewModule_PerformancePageHRM.java:240)
at UI_elements.UI_ReviewModule_PerformancePageHRM.sort_desceding(UI_ReviewModule_PerformancePageHRM.java:240)
at UI_elements.UI_ReviewModule_PerformancePageHRM.sort_desceding(UI_ReviewModule_PerformancePageHRM.java:240)
at UI_elements.UI_ReviewModule_PerformancePageHRM.sort_desceding(UI_ReviewModule_PerformancePageHRM.java:240)
at UI_elements.UI_ReviewModule_PerformancePageHRM.sort_desceding(UI_ReviewModule_PerformancePageHRM.java:240)
at UI_elements.UI_ReviewModule_PerformancePageHRM.sort_desceding(UI_ReviewModule_PerformancePageHRM.java:240)
at UI_elements.UI_ReviewModule_PerformancePageHRM.sort_desceding(UI_ReviewModule_PerformancePageHRM.java:240)
at UI_elements.UI_ReviewModule_PerformancePageHRM.sort_desceding(UI_ReviewModule_PerformancePageHRM.java:240)
at UI_elements.UI_ReviewModule_PerformancePageHRM.sort_desceding(UI_ReviewModule_PerformancePageHRM.java:240)
at UI_elements.UI_ReviewModule_PerformancePageHRM.sort_desceding(UI_ReviewModule_PerformancePageHRM.java:240)
at UI_elements.UI_ReviewModule_PerformancePageHRM.sort_desceding(UI_ReviewModule_PerformancePageHRM.java:240)
at UI_elements.UI_ReviewModule_PerformancePageHRM.sort_desceding(UI_ReviewModule_PerformancePageHRM.java:240)
at UI_elements.UI_ReviewModule_PerformancePageHRM.sort_desceding(UI_ReviewModule_PerformancePageHRM.java:240)
at UI_elements.UI_ReviewModule_PerformancePageHRM.sort_desceding(UI_ReviewModule_PerformancePageHRM.java:240)
at UI_elements.UI_ReviewModule_PerformancePageHRM.sort_desceding(UI_ReviewModule_PerformancePageHRM.java:240)
at UI_elements.UI_ReviewModule_PerformancePageHRM.sort_desceding(UI_ReviewModule_PerformancePageHRM.java:240)
at UI_elements.UI_ReviewModule_PerformancePageHRM.sort_desceding(UI_ReviewModule_PerformancePageHRM.java:240)
at UI_elements.UI_ReviewModule_PerformancePageHRM.sort_desceding(UI_ReviewModule_PerformancePageHRM.java:240)
at UI_elements.UI_ReviewModule_PerformancePageHRM.sort_desceding(UI_ReviewModule_PerformancePageHRM.java:240)
at UI_elements.UI_ReviewModule_PerformancePageHRM.sort_desceding(UI_ReviewModule_PerformancePageHRM.java:240)
at UI_elements.UI_ReviewModule_PerformancePageHRM.sort_desceding(UI_ReviewModule_PerformancePageHRM.java:240)
at UI_elements.UI_ReviewModule_PerformancePageHRM.sort_desceding(UI_ReviewModule_PerformancePageHRM.java:240)
at UI_elements.UI_ReviewModule_PerformancePageHRM.sort_desceding(UI_ReviewModule_PerformancePageHRM.java:240)
at UI_elements.UI_ReviewModule_PerformancePageHRM.sort_desceding(UI_ReviewModule_PerformancePageHRM.java:240)
at UI_elements.UI_ReviewModule_PerformancePageHRM.sort_desceding(UI_ReviewModule_PerformancePageHRM.java:240)
at UI_elements.UI_ReviewModule_PerformancePageHRM.sort_desceding(UI_ReviewModule_PerformancePageHRM.java:240)
at UI_elements.UI_ReviewModule_PerformancePageHRM.sort_desceding(UI_ReviewModule_PerformancePageHRM.java:240)
at UI_elements.UI_ReviewModule_PerformancePageHRM.sort_desceding(UI_ReviewModule_PerformancePageHRM.java:240)
at UI_elements.UI_ReviewModule_PerformancePageHRM.sort_desceding(UI_ReviewModule_PerformancePageHRM.java:240)
at UI_elements.UI_ReviewModule_PerformancePageHRM.sort_desceding(UI_ReviewModule_PerformancePageHRM.java:240)
at UI_elements.UI_ReviewModule_PerformancePageHRM.sort_desceding(UI_ReviewModule_PerformancePageHRM.java:240)
at UI_elements.UI_ReviewModule_PerformancePageHRM.sort_desceding(UI_ReviewModule_PerformancePageHRM.java:240)
at UI_elements.UI_ReviewModule_PerformancePageHRM.sort_desceding(UI_ReviewModule_PerformancePageHRM.java:240)
at UI_elements.UI_ReviewModule_PerformancePageHRM.sort_desceding(UI_ReviewModule_PerformancePageHRM.java:240)
at UI_elements.UI_ReviewModule_PerformancePageHRM.sort_desceding(UI_ReviewModule_PerformancePageHRM.java:240)
at UI_elements.UI_ReviewModule_PerformancePageHRM.sort_desceding(UI_ReviewModule_PerformancePageHRM.java:240)
at UI_elements.UI_ReviewModule_PerformancePageHRM.sort_desceding(UI_ReviewModule_PerformancePageHRM.java:240)
at UI_elements.UI_ReviewModule_PerformancePageHRM.sort_desceding(UI_ReviewModule_PerformancePageHRM.java:240)
at UI_elements.UI_ReviewModule_PerformancePageHRM.sort_desceding(UI_ReviewModule_PerformancePageHRM.java:240)
at UI_elements.UI_ReviewModule_PerformancePageHRM.sort_desceding(UI_ReviewModule_PerformancePageHRM.java:240)
at UI_elements.UI_ReviewModule_PerformancePageHRM.sort_desceding(UI_ReviewModule_PerformancePageHRM.java:240)
at UI_elements.UI_ReviewModule_PerformancePageHRM.sort_desceding(UI_ReviewModule_PerformancePageHRM.java:240)
at UI_elements.UI_ReviewModule_PerformancePageHRM.sort_desceding(UI_ReviewModule_PerformancePageHRM.java:240)
at UI_elements.UI_ReviewModule_PerformancePageHRM.sort_desceding(UI_ReviewModule_PerformancePageHRM.java:240)
at UI_elements.UI_ReviewModule_PerformancePageHRM.sort_desceding(UI_ReviewModule_PerformancePageHRM.java:240)
at UI_elements.UI_ReviewModule_PerformancePageHRM.sort_desceding(UI_ReviewModule_PerformancePageHRM.java:240)
at UI_elements.UI_ReviewModule_PerformancePageHRM.sort_desceding(UI_ReviewModule_PerformancePageHRM.java:240)
at UI_elements.UI_ReviewModule_PerformancePageHRM.sort_desceding(UI_ReviewModule_PerformancePageHRM.java:240)
at UI_elements.UI_ReviewModule_PerformancePageHRM.sort_desceding(UI_ReviewModule_PerformancePageHRM.java:240)
at UI_elements.UI_ReviewModule_PerformancePageHRM.sort_desceding(UI_ReviewModule_PerformancePageHRM.java:240)
at UI_elements.UI_ReviewModule_PerformancePageHRM.sort_desceding(UI_ReviewModule_PerformancePageHRM.java:240)
at UI_elements.UI_ReviewModule_PerformancePageHRM.sort_desceding(UI_ReviewModule_PerformancePageHRM.java:240)
at UI_elements.UI_ReviewModule_PerformancePageHRM.sort_desceding(UI_ReviewModule_PerformancePageHRM.java:240)
at UI_elements.UI_ReviewModule_PerformancePageHRM.sort_desceding(UI_ReviewModule_PerformancePageHRM.java:240)
at UI_elements.UI_ReviewModule_PerformancePageHRM.sort_desceding(UI_ReviewModule_PerformancePageHRM.java:240)
at UI_elements.UI_ReviewModule_PerformancePageHRM.sort_desceding(UI_ReviewModule_PerformancePageHRM.java:240)
at UI_elements.UI_ReviewModule_PerformancePageHRM.sort_desceding(UI_ReviewModule_PerformancePageHRM.java:240)
at UI_elements.UI_ReviewModule_PerformancePageHRM.sort_desceding(UI_ReviewModule_PerformancePageHRM.java:240)
at UI_elements.UI_ReviewModule_PerformancePageHRM.sort_desceding(UI_ReviewModule_PerformancePageHRM.java:240)
at UI_elements.UI_ReviewModule_PerformancePageHRM.sort_desceding(UI_ReviewModule_PerformancePageHRM.java:240)
at UI_elements.UI_ReviewModule_PerformancePageHRM.sort_desceding(UI_ReviewModule_PerformancePageHRM.java:240)
at UI_elements.UI_ReviewModule_PerformancePageHRM.sort_desceding(UI_ReviewModule_PerformancePageHRM.java:240)
at UI_elements.UI_ReviewModule_PerformancePageHRM.sort_desceding(UI_ReviewModule_PerformancePageHRM.java:240)
at UI_elements.UI_ReviewModule_PerformancePageHRM.sort_desceding(UI_ReviewModule_PerformancePageHRM.java:240)
at UI_elements.UI_ReviewModule_PerformancePageHRM.sort_desceding(UI_ReviewModule_PerformancePageHRM.java:240)
at UI_elements.UI_ReviewModule_PerformancePageHRM.sort_desceding(UI_ReviewModule_PerformancePageHRM.java:240)
at UI_elements.UI_ReviewModule_PerformancePageHRM.sort_desceding(UI_ReviewModule_PerformancePageHRM.java:240)
at UI_elements.UI_ReviewModule_PerformancePageHRM.sort_desceding(UI_ReviewModule_PerformancePageHRM.java:240)
at UI_elements.UI_ReviewModule_PerformancePageHRM.sort_desceding(UI_ReviewModule_PerformancePageHRM.java:240)
at UI_elements.UI_ReviewModule_PerformancePageHRM.sort_desceding(UI_ReviewModule_PerformancePageHRM.java:240)
at UI_elements.UI_ReviewModule_PerformancePageHRM.sort_desceding(UI_ReviewModule_PerformancePageHRM.java:240)
at UI_elements.UI_ReviewModule_PerformancePageHRM.sort_desceding(UI_ReviewModule_PerformancePageHRM.java:240)
at UI_elements.UI_ReviewModule_PerformancePageHRM.sort_desceding(UI_ReviewModule_PerformancePageHRM.java:240)
at UI_elements.UI_ReviewModule_PerformancePageHRM.sort_desceding(UI_ReviewModule_PerformancePageHRM.java:240)
at UI_elements.UI_ReviewModule_PerformancePageHRM.sort_desceding(UI_ReviewModule_PerformancePageHRM.java:240)
at UI_elements.UI_ReviewModule_PerformancePageHRM.sort_desceding(UI_ReviewModule_PerformancePageHRM.java:240)
at UI_elements.UI_ReviewModule_PerformancePageHRM.sort_desceding(UI_ReviewModule_PerformancePageHRM.java:240)
at UI_elements.UI_ReviewModule_PerformancePageHRM.sort_desceding(UI_ReviewModule_PerformancePageHRM.java:240)
at UI_elements.UI_ReviewModule_PerformancePageHRM.sort_desceding(UI_ReviewModule_PerformancePageHRM.java:240)
at UI_elements.UI_ReviewModule_PerformancePageHRM.sort_desceding(UI_ReviewModule_PerformancePageHRM.java:240)
at UI_elements.UI_ReviewModule_PerformancePageHRM.sort_desceding(UI_ReviewModule_PerformancePageHRM.java:240)
at UI_elements.UI_ReviewModule_PerformancePageHRM.sort_desceding(UI_ReviewModule_PerformancePageHRM.java:240)
at UI_elements.UI_ReviewModule_PerformancePageHRM.sort_desceding(UI_ReviewModule_PerformancePageHRM.java:240)
at UI_elements.UI_ReviewModule_PerformancePageHRM.sort_desceding(UI_ReviewModule_PerformancePageHRM.java:240)
at UI_elements.UI_ReviewModule_PerformancePageHRM.sort_desceding(UI_ReviewModule_PerformancePageHRM.java:240)
at UI_elements.UI_ReviewModule_PerformancePageHRM.sort_desceding(UI_ReviewModule_PerformancePageHRM.java:240)
at UI_elements.UI_ReviewModule_PerformancePageHRM.sort_desceding(UI_ReviewModule_PerformancePageHRM.java:240)
at UI_elements.UI_ReviewModule_PerformancePageHRM.sort_desceding(UI_ReviewModule_PerformancePageHRM.java:240)
at UI_elements.UI_ReviewModule_PerformancePageHRM.sort_desceding(UI_ReviewModule_PerformancePageHRM.java:240)
at UI_elements.UI_ReviewModule_PerformancePageHRM.sort_desceding(UI_ReviewModule_PerformancePageHRM.java:240)
at UI_elements.UI_ReviewModule_PerformancePageHRM.sort_desceding(UI_ReviewModule_PerformancePageHRM.java:240)
at UI_elements.UI_ReviewModule_PerformancePageHRM.sort_desceding(UI_ReviewModule_PerformancePageHRM.java:240)
at UI_elements.UI_ReviewModule_PerformancePageHRM.sort_desceding(UI_ReviewModule_PerformancePageHRM.java:240)
at UI_elements.UI_ReviewModule_PerformancePageHRM.sort_desceding(UI_ReviewModule_PerformancePageHRM.java:240)
at UI_elements.UI_ReviewModule_PerformancePageHRM.sort_desceding(UI_ReviewModule_PerformancePageHRM.java:240)
at UI_elements.UI_ReviewModule_PerformancePageHRM.sort_desceding(UI_ReviewModule_PerformancePageHRM.java:240)
at UI_elements.UI_ReviewModule_PerformancePageHRM.sort_desceding(UI_ReviewModule_PerformancePageHRM.java:240)
at UI_elements.UI_ReviewModule_PerformancePageHRM.sort_desceding(UI_ReviewModule_PerformancePageHRM.java:240)
at UI_elements.UI_ReviewModule_PerformancePageHRM.sort_desceding(UI_ReviewModule_PerformancePageHRM.java:240)
at UI_elements.UI_ReviewModule_PerformancePageHRM.sort_desceding(UI_ReviewModule_PerformancePageHRM.java:240)
at UI_elements.UI_ReviewModule_PerformancePageHRM.sort_desceding(UI_ReviewModule_PerformancePageHRM.java:240)
at UI_elements.UI_ReviewModule_PerformancePageHRM.sort_desceding(UI_ReviewModule_PerformancePageHRM.java:240)
at UI_elements.UI_ReviewModule_PerformancePageHRM.sort_desceding(UI_ReviewModule_PerformancePageHRM.java:240)
at UI_elements.UI_ReviewModule_PerformancePageHRM.sort_desceding(UI_ReviewModule_PerformancePageHRM.java:240)
at UI_elements.UI_ReviewModule_PerformancePageHRM.sort_desceding(UI_ReviewModule_PerformancePageHRM.java:240)
at UI_elements.UI_ReviewModule_PerformancePageHRM.sort_desceding(UI_ReviewModule_PerformancePageHRM.java:240)
at UI_elements.UI_ReviewModule_PerformancePageHRM.sort_desceding(UI_ReviewModule_PerformancePageHRM.java:240)
at UI_elements.UI_ReviewModule_PerformancePageHRM.sort_desceding(UI_ReviewModule_PerformancePageHRM.java:240)
at UI_elements.UI_ReviewModule_PerformancePageHRM.sort_desceding(UI_ReviewModule_PerformancePageHRM.java:240)
at UI_elements.UI_ReviewModule_PerformancePageHRM.sort_desceding(UI_ReviewModule_PerformancePageHRM.java:240)
at UI_elements.UI_ReviewModule_PerformancePageHRM.sort_desceding(UI_ReviewModule_PerformancePageHRM.java:240)
at UI_elements.UI_ReviewModule_PerformancePageHRM.sort_desceding(UI_ReviewModule_PerformancePageHRM.java:240)
at UI_elements.UI_ReviewModule_PerformancePageHRM.sort_desceding(UI_ReviewModule_PerformancePageHRM.java:240)
at UI_elements.UI_ReviewModule_PerformancePageHRM.sort_desceding(UI_ReviewModule_PerformancePageHRM.java:240)
at UI_elements.UI_ReviewModule_PerformancePageHRM.sort_desceding(UI_ReviewModule_PerformancePageHRM.java:240)
at UI_elements.UI_ReviewModule_PerformancePageHRM.sort_desceding(UI_ReviewModule_PerformancePageHRM.java:240)
at UI_elements.UI_ReviewModule_PerformancePageHRM.sort_desceding(UI_ReviewModule_PerformancePageHRM.java:240)
at UI_elements.UI_ReviewModule_PerformancePageHRM.sort_desceding(UI_ReviewModule_PerformancePageHRM.java:240)
at UI_elements.UI_ReviewModule_PerformancePageHRM.sort_desceding(UI_ReviewModule_PerformancePageHRM.java:240)
at UI_elements.UI_ReviewModule_PerformancePageHRM.sort_desceding(UI_ReviewModule_PerformancePageHRM.java:240)
at UI_elements.UI_ReviewModule_PerformancePageHRM.sort_desceding(UI_ReviewModule_PerformancePageHRM.java:240)
at UI_elements.UI_ReviewModule_PerformancePageHRM.sort_desceding(UI_ReviewModule_PerformancePageHRM.java:240)
at UI_elements.UI_ReviewModule_PerformancePageHRM.sort_desceding(UI_ReviewModule_PerformancePageHRM.java:240)
at UI_elements.UI_ReviewModule_PerformancePageHRM.sort_desceding(UI_ReviewModule_PerformancePageHRM.java:240)
at UI_elements.UI_ReviewModule_PerformancePageHRM.sort_desceding(UI_ReviewModule_PerformancePageHRM.java:240)
at UI_elements.UI_ReviewModule_PerformancePageHRM.sort_desceding(UI_ReviewModule_PerformancePageHRM.java:240)
at UI_elements.UI_ReviewModule_PerformancePageHRM.sort_desceding(UI_ReviewModule_PerformancePageHRM.java:240)
at UI_elements.UI_ReviewModule_PerformancePageHRM.sort_desceding(UI_ReviewModule_PerformancePageHRM.java:240)
at UI_elements.UI_ReviewModule_PerformancePageHRM.sort_desceding(UI_ReviewModule_PerformancePageHRM.java:240)
at UI_elements.UI_ReviewModule_PerformancePageHRM.sort_desceding(UI_ReviewModule_PerformancePageHRM.java:240)
at UI_elements.UI_ReviewModule_PerformancePageHRM.sort_desceding(UI_ReviewModule_PerformancePageHRM.java:240)
at UI_elements.UI_ReviewModule_PerformancePageHRM.sort_desceding(UI_ReviewModule_PerformancePageHRM.java:240)
at UI_elements.UI_ReviewModule_PerformancePageHRM.sort_desceding(UI_ReviewModule_PerformancePageHRM.java:240)
at UI_elements.UI_ReviewModule_PerformancePageHRM.sort_desceding(UI_ReviewModule_PerformancePageHRM.java:240)
at UI_elements.UI_ReviewModule_PerformancePageHRM.sort_desceding(UI_ReviewModule_PerformancePageHRM.java:240)
at UI_elements.UI_ReviewModule_PerformancePageHRM.sort_desceding(UI_ReviewModule_PerformancePageHRM.java:240)
at UI_elements.UI_ReviewModule_PerformancePageHRM.sort_desceding(UI_ReviewModule_PerformancePageHRM.java:240)
at UI_elements.UI_ReviewModule_PerformancePageHRM.sort_desceding(UI_ReviewModule_PerformancePageHRM.java:240)
at UI_elements.UI_ReviewModule_PerformancePageHRM.sort_desceding(UI_ReviewModule_PerformancePageHRM.java:240)
at UI_elements.UI_ReviewModule_PerformancePageHRM.sort_desceding(UI_ReviewModule_PerformancePageHRM.java:240)
at UI_elements.UI_ReviewModule_PerformancePageHRM.sort_desceding(UI_ReviewModule_PerformancePageHRM.java:240)
at UI_elements.UI_ReviewModule_PerformancePageHRM.sort_desceding(UI_ReviewModule_PerformancePageHRM.java:240)
at UI_elements.UI_ReviewModule_PerformancePageHRM.sort_desceding(UI_ReviewModule_PerformancePageHRM.java:240)
at UI_elements.UI_ReviewModule_PerformancePageHRM.sort_desceding(UI_ReviewModule_PerformancePageHRM.java:240)
at UI_elements.UI_ReviewModule_PerformancePageHRM.sort_desceding(UI_ReviewModule_PerformancePageHRM.java:240)
at UI_elements.UI_ReviewModule_PerformancePageHRM.sort_desceding(UI_ReviewModule_PerformancePageHRM.java:240)
at UI_elements.UI_ReviewModule_PerformancePageHRM.sort_desceding(UI_ReviewModule_PerformancePageHRM.java:240)
at UI_elements.UI_ReviewModule_PerformancePageHRM.sort_desceding(UI_ReviewModule_PerformancePageHRM.java:240)
at UI_elements.UI_ReviewModule_PerformancePageHRM.sort_desceding(UI_ReviewModule_PerformancePageHRM.java:240)
at UI_elements.UI_ReviewModule_PerformancePageHRM.sort_desceding(UI_ReviewModule_PerformancePageHRM.java:240)
at UI_elements.UI_ReviewModule_PerformancePageHRM.sort_desceding(UI_ReviewModule_PerformancePageHRM.java:240)
at UI_elements.UI_ReviewModule_PerformancePageHRM.sort_desceding(UI_ReviewModule_PerformancePageHRM.java:240)
at UI_elements.UI_ReviewModule_PerformancePageHRM.sort_desceding(UI_ReviewModule_PerformancePageHRM.java:240)
at UI_elements.UI_ReviewModule_PerformancePageHRM.sort_desceding(UI_ReviewModule_PerformancePageHRM.java:240)
at UI_elements.UI_ReviewModule_PerformancePageHRM.sort_desceding(UI_ReviewModule_PerformancePageHRM.java:240)
at UI_elements.UI_ReviewModule_PerformancePageHRM.sort_desceding(UI_ReviewModule_PerformancePageHRM.java:240)
at UI_elements.UI_ReviewModule_PerformancePageHRM.sort_desceding(UI_ReviewModule_PerformancePageHRM.java:240)
at UI_elements.UI_ReviewModule_PerformancePageHRM.sort_desceding(UI_ReviewModule_PerformancePageHRM.java:240)
at UI_elements.UI_ReviewModule_PerformancePageHRM.sort_desceding(UI_ReviewModule_PerformancePageHRM.java:240)
at UI_elements.UI_ReviewModule_PerformancePageHRM.sort_desceding(UI_ReviewModule_PerformancePageHRM.java:240)
at UI_elements.UI_ReviewModule_PerformancePageHRM.sort_desceding(UI_ReviewModule_PerformancePageHRM.java:240)
at UI_elements.UI_ReviewModule_PerformancePageHRM.sort_desceding(UI_ReviewModule_PerformancePageHRM.java:240)
at UI_elements.UI_ReviewModule_PerformancePageHRM.sort_desceding(UI_ReviewModule_PerformancePageHRM.java:240)
at UI_elements.UI_ReviewModule_PerformancePageHRM.sort_desceding(UI_ReviewModule_PerformancePageHRM.java:240)
at UI_elements.UI_ReviewModule_PerformancePageHRM.sort_desceding(UI_ReviewModule_PerformancePageHRM.java:240)
at UI_elements.UI_ReviewModule_PerformancePageHRM.sort_desceding(UI_ReviewModule_PerformancePageHRM.java:240)
at UI_elements.UI_ReviewModule_PerformancePageHRM.sort_desceding(UI_ReviewModule_PerformancePageHRM.java:240)
at UI_elements.UI_ReviewModule_PerformancePageHRM.sort_desceding(UI_ReviewModule_PerformancePageHRM.java:240)
at UI_elements.UI_ReviewModule_PerformancePageHRM.sort_desceding(UI_ReviewModule_PerformancePageHRM.java:240)
at UI_elements.UI_ReviewModule_PerformancePageHRM.sort_desceding(UI_ReviewModule_PerformancePageHRM.java:240)
at UI_elements.UI_ReviewModule_PerformancePageHRM.sort_desceding(UI_ReviewModule_PerformancePageHRM.java:240)
at UI_elements.UI_ReviewModule_PerformancePageHRM.sort_desceding(UI_ReviewModule_PerformancePageHRM.java:240)
at UI_elements.UI_ReviewModule_PerformancePageHRM.sort_desceding(UI_ReviewModule_PerformancePageHRM.java:240)
at UI_elements.UI_ReviewModule_PerformancePageHRM.sort_desceding(UI_ReviewModule_PerformancePageHRM.java:240)
at UI_elements.UI_ReviewModule_PerformancePageHRM.sort_desceding(UI_ReviewModule_PerformancePageHRM.java:240)
at UI_elements.UI_ReviewModule_PerformancePageHRM.sort_desceding(UI_ReviewModule_PerformancePageHRM.java:240)
at UI_elements.UI_ReviewModule_PerformancePageHRM.sort_desceding(UI_ReviewModule_PerformancePageHRM.java:240)
at UI_elements.UI_ReviewModule_PerformancePageHRM.sort_desceding(UI_ReviewModule_PerformancePageHRM.java:240)
at UI_elements.UI_ReviewModule_PerformancePageHRM.sort_desceding(UI_ReviewModule_PerformancePageHRM.java:240)
at UI_elements.UI_ReviewModule_PerformancePageHRM.sort_desceding(UI_ReviewModule_PerformancePageHRM.java:240)
at UI_elements.UI_ReviewModule_PerformancePageHRM.sort_desceding(UI_ReviewModule_PerformancePageHRM.java:240)
at UI_elements.UI_ReviewModule_PerformancePageHRM.sort_desceding(UI_ReviewModule_PerformancePageHRM.java:240)
at UI_elements.UI_ReviewModule_PerformancePageHRM.sort_desceding(UI_ReviewModule_PerformancePageHRM.java:240)
at UI_elements.UI_ReviewModule_PerformancePageHRM.sort_desceding(UI_ReviewModule_PerformancePageHRM.java:240)
at UI_elements.UI_ReviewModule_PerformancePageHRM.sort_desceding(UI_ReviewModule_PerformancePageHRM.java:240)
at UI_elements.UI_ReviewModule_PerformancePageHRM.sort_desceding(UI_ReviewModule_PerformancePageHRM.java:240)
at UI_elements.UI_ReviewModule_PerformancePageHRM.sort_desceding(UI_ReviewModule_PerformancePageHRM.java:240)
at UI_elements.UI_ReviewModule_PerformancePageHRM.sort_desceding(UI_ReviewModule_PerformancePageHRM.java:240)
at UI_elements.UI_ReviewModule_PerformancePageHRM.sort_desceding(UI_ReviewModule_PerformancePageHRM.java:240)
at UI_elements.UI_ReviewModule_PerformancePageHRM.sort_desceding(UI_ReviewModule_PerformancePageHRM.java:240)
at UI_elements.UI_ReviewModule_PerformancePageHRM.sort_desceding(UI_ReviewModule_PerformancePageHRM.java:240)
at UI_elements.UI_ReviewModule_PerformancePageHRM.sort_desceding(UI_ReviewModule_PerformancePageHRM.java:240)
at UI_elements.UI_ReviewModule_PerformancePageHRM.sort_desceding(UI_ReviewModule_PerformancePageHRM.java:240)
at UI_elements.UI_ReviewModule_PerformancePageHRM.sort_desceding(UI_ReviewModule_PerformancePageHRM.java:240)
at UI_elements.UI_ReviewModule_PerformancePageHRM.sort_desceding(UI_ReviewModule_PerformancePageHRM.java:240)
at UI_elements.UI_ReviewModule_PerformancePageHRM.sort_desceding(UI_ReviewModule_PerformancePageHRM.java:240)
at UI_elements.UI_ReviewModule_PerformancePageHRM.sort_desceding(UI_ReviewModule_PerformancePageHRM.java:240)
at UI_elements.UI_ReviewModule_PerformancePageHRM.sort_desceding(UI_ReviewModule_PerformancePageHRM.java:240)
at UI_elements.UI_ReviewModule_PerformancePageHRM.sort_desceding(UI_ReviewModule_PerformancePageHRM.java:240)
at UI_elements.UI_ReviewModule_PerformancePageHRM.sort_desceding(UI_ReviewModule_PerformancePageHRM.java:240)
at UI_elements.UI_ReviewModule_PerformancePageHRM.sort_desceding(UI_ReviewModule_PerformancePageHRM.java:240)
at UI_elements.UI_ReviewModule_PerformancePageHRM.sort_desceding(UI_ReviewModule_PerformancePageHRM.java:240)
at UI_elements.UI_ReviewModule_PerformancePageHRM.sort_desceding(UI_ReviewModule_PerformancePageHRM.java:240)
at UI_elements.UI_ReviewModule_PerformancePageHRM.sort_desceding(UI_ReviewModule_PerformancePageHRM.java:240)
at UI_elements.UI_ReviewModule_PerformancePageHRM.sort_desceding(UI_ReviewModule_PerformancePageHRM.java:240)
at UI_elements.UI_ReviewModule_PerformancePageHRM.sort_desceding(UI_ReviewModule_PerformancePageHRM.java:240)
at UI_elements.UI_ReviewModule_PerformancePageHRM.sort_desceding(UI_ReviewModule_PerformancePageHRM.java:240)
at UI_elements.UI_ReviewModule_PerformancePageHRM.sort_desceding(UI_ReviewModule_PerformancePageHRM.java:240)
at UI_elements.UI_ReviewModule_PerformancePageHRM.sort_desceding(UI_ReviewModule_PerformancePageHRM.java:240)
at UI_elements.UI_ReviewModule_PerformancePageHRM.sort_desceding(UI_ReviewModule_PerformancePageHRM.java:240)
at UI_elements.UI_ReviewModule_PerformancePageHRM.sort_desceding(UI_ReviewModule_PerformancePageHRM.java:240)
at UI_elements.UI_ReviewModule_PerformancePageHRM.sort_desceding(UI_ReviewModule_PerformancePageHRM.java:240)
at UI_elements.UI_ReviewModule_PerformancePageHRM.sort_desceding(UI_ReviewModule_PerformancePageHRM.java:240)
at UI_elements.UI_ReviewModule_PerformancePageHRM.sort_desceding(UI_ReviewModule_PerformancePageHRM.java:240)
at UI_elements.UI_ReviewModule_PerformancePageHRM.sort_desceding(UI_ReviewModule_PerformancePageHRM.java:240)
at UI_elements.UI_ReviewModule_PerformancePageHRM.sort_desceding(UI_ReviewModule_PerformancePageHRM.java:240)
at UI_elements.UI_ReviewModule_PerformancePageHRM.sort_desceding(UI_ReviewModule_PerformancePageHRM.java:240)
at UI_elements.UI_ReviewModule_PerformancePageHRM.sort_desceding(UI_ReviewModule_PerformancePageHRM.java:240)
at UI_elements.UI_ReviewModule_PerformancePageHRM.sort_desceding(UI_ReviewModule_PerformancePageHRM.java:240)
at UI_elements.UI_ReviewModule_PerformancePageHRM.sort_desceding(UI_ReviewModule_PerformancePageHRM.java:240)
at UI_elements.UI_ReviewModule_PerformancePageHRM.sort_desceding(UI_ReviewModule_PerformancePageHRM.java:240)
at UI_elements.UI_ReviewModule_PerformancePageHRM.sort_desceding(UI_ReviewModule_PerformancePageHRM.java:240)
at UI_elements.UI_ReviewModule_PerformancePageHRM.sort_desceding(UI_ReviewModule_PerformancePageHRM.java:240)
at UI_elements.UI_ReviewModule_PerformancePageHRM.sort_desceding(UI_ReviewModule_PerformancePageHRM.java:240)
at UI_elements.UI_ReviewModule_PerformancePageHRM.sort_desceding(UI_ReviewModule_PerformancePageHRM.java:240)
at UI_elements.UI_ReviewModule_PerformancePageHRM.sort_desceding(UI_ReviewModule_PerformancePageHRM.java:240)
at UI_elements.UI_ReviewModule_PerformancePageHRM.sort_desceding(UI_ReviewModule_PerformancePageHRM.java:240)
at UI_elements.UI_ReviewModule_PerformancePageHRM.sort_desceding(UI_ReviewModule_PerformancePageHRM.java:240)
at UI_elements.UI_ReviewModule_PerformancePageHRM.sort_desceding(UI_ReviewModule_PerformancePageHRM.java:240)
at UI_elements.UI_ReviewModule_PerformancePageHRM.sort_desceding(UI_ReviewModule_PerformancePageHRM.java:240)
at UI_elements.UI_ReviewModule_PerformancePageHRM.sort_desceding(UI_ReviewModule_PerformancePageHRM.java:240)
at UI_elements.UI_ReviewModule_PerformancePageHRM.sort_desceding(UI_ReviewModule_PerformancePageHRM.java:240)
at UI_elements.UI_ReviewModule_PerformancePageHRM.sort_desceding(UI_ReviewModule_PerformancePageHRM.java:240)
at UI_elements.UI_ReviewModule_PerformancePageHRM.sort_desceding(UI_ReviewModule_PerformancePageHRM.java:240)
at UI_elements.UI_ReviewModule_PerformancePageHRM.sort_desceding(UI_ReviewModule_PerformancePageHRM.java:240)
at UI_elements.UI_ReviewModule_PerformancePageHRM.sort_desceding(UI_ReviewModule_PerformancePageHRM.java:240)
at UI_elements.UI_ReviewModule_PerformancePageHRM.sort_desceding(UI_ReviewModule_PerformancePageHRM.java:240)
at UI_elements.UI_ReviewModule_PerformancePageHRM.sort_desceding(UI_ReviewModule_PerformancePageHRM.java:240)
at UI_elements.UI_ReviewModule_PerformancePageHRM.sort_desceding(UI_ReviewModule_PerformancePageHRM.java:240)
at UI_elements.UI_ReviewModule_PerformancePageHRM.sort_desceding(UI_ReviewModule_PerformancePageHRM.java:240)
at UI_elements.UI_ReviewModule_PerformancePageHRM.sort_desceding(UI_ReviewModule_PerformancePageHRM.java:240)
at UI_elements.UI_ReviewModule_PerformancePageHRM.sort_desceding(UI_ReviewModule_PerformancePageHRM.java:240)
at UI_elements.UI_ReviewModule_PerformancePageHRM.sort_desceding(UI_ReviewModule_PerformancePageHRM.java:240)
at UI_elements.UI_ReviewModule_PerformancePageHRM.sort_desceding(UI_ReviewModule_PerformancePageHRM.java:240)
at UI_elements.UI_ReviewModule_PerformancePageHRM.sort_desceding(UI_ReviewModule_PerformancePageHRM.java:240)
at UI_elements.UI_ReviewModule_PerformancePageHRM.sort_desceding(UI_ReviewModule_PerformancePageHRM.java:240)
at UI_elements.UI_ReviewModule_PerformancePageHRM.sort_desceding(UI_ReviewModule_PerformancePageHRM.java:240)
at UI_elements.UI_ReviewModule_PerformancePageHRM.sort_desceding(UI_ReviewModule_PerformancePageHRM.java:240)
at UI_elements.UI_ReviewModule_PerformancePageHRM.sort_desceding(UI_ReviewModule_PerformancePageHRM.java:240)
at UI_elements.UI_ReviewModule_PerformancePageHRM.sort_desceding(UI_ReviewModule_PerformancePageHRM.java:240)
at UI_elements.UI_ReviewModule_PerformancePageHRM.sort_desceding(UI_ReviewModule_PerformancePageHRM.java:240)
at UI_elements.UI_ReviewModule_PerformancePageHRM.sort_desceding(UI_ReviewModule_PerformancePageHRM.java:240)
at UI_elements.UI_ReviewModule_PerformancePageHRM.sort_desceding(UI_ReviewModule_PerformancePageHRM.java:240)
at UI_elements.UI_ReviewModule_PerformancePageHRM.sort_desceding(UI_ReviewModule_PerformancePageHRM.java:240)
at UI_elements.UI_ReviewModule_PerformancePageHRM.sort_desceding(UI_ReviewModule_PerformancePageHRM.java:240)
at UI_elements.UI_ReviewModule_PerformancePageHRM.sort_desceding(UI_ReviewModule_PerformancePageHRM.java:240)
at UI_elements.UI_ReviewModule_PerformancePageHRM.sort_desceding(UI_ReviewModule_PerformancePageHRM.java:240)
at UI_elements.UI_ReviewModule_PerformancePageHRM.sort_desceding(UI_ReviewModule_PerformancePageHRM.java:240)
at UI_elements.UI_ReviewModule_PerformancePageHRM.sort_desceding(UI_ReviewModule_PerformancePageHRM.java:240)
at UI_elements.UI_ReviewModule_PerformancePageHRM.sort_desceding(UI_ReviewModule_PerformancePageHRM.java:240)
at UI_elements.UI_ReviewModule_PerformancePageHRM.sort_desceding(UI_ReviewModule_PerformancePageHRM.java:240)
at UI_elements.UI_ReviewModule_PerformancePageHRM.sort_desceding(UI_ReviewModule_PerformancePageHRM.java:240)
at UI_elements.UI_ReviewModule_PerformancePageHRM.sort_desceding(UI_ReviewModule_PerformancePageHRM.java:240)
at UI_elements.UI_ReviewModule_PerformancePageHRM.sort_desceding(UI_ReviewModule_PerformancePageHRM.java:240)
at UI_elements.UI_ReviewModule_PerformancePageHRM.sort_desceding(UI_ReviewModule_PerformancePageHRM.java:240)
at UI_elements.UI_ReviewModule_PerformancePageHRM.sort_desceding(UI_ReviewModule_PerformancePageHRM.java:240)
at UI_elements.UI_ReviewModule_PerformancePageHRM.sort_desceding(UI_ReviewModule_PerformancePageHRM.java:240)
at UI_elements.UI_ReviewModule_PerformancePageHRM.sort_desceding(UI_ReviewModule_PerformancePageHRM.java:240)
at UI_elements.UI_ReviewModule_PerformancePageHRM.sort_desceding(UI_ReviewModule_PerformancePageHRM.java:240)
at UI_elements.UI_ReviewModule_PerformancePageHRM.sort_desceding(UI_ReviewModule_PerformancePageHRM.java:240)
at UI_elements.UI_ReviewModule_PerformancePageHRM.sort_desceding(UI_ReviewModule_PerformancePageHRM.java:240)
at UI_elements.UI_ReviewModule_PerformancePageHRM.sort_desceding(UI_ReviewModule_PerformancePageHRM.java:240)
at UI_elements.UI_ReviewModule_PerformancePageHRM.sort_desceding(UI_ReviewModule_PerformancePageHRM.java:240)
at UI_elements.UI_ReviewModule_PerformancePageHRM.sort_desceding(UI_ReviewModule_PerformancePageHRM.java:240)
at UI_elements.UI_ReviewModule_PerformancePageHRM.sort_desceding(UI_ReviewModule_PerformancePageHRM.java:240)
at UI_elements.UI_ReviewModule_PerformancePageHRM.sort_desceding(UI_ReviewModule_PerformancePageHRM.java:240)
at UI_elements.UI_ReviewModule_PerformancePageHRM.sort_desceding(UI_ReviewModule_PerformancePageHRM.java:240)
at UI_elements.UI_ReviewModule_PerformancePageHRM.sort_desceding(UI_ReviewModule_PerformancePageHRM.java:240)
at UI_elements.UI_ReviewModule_PerformancePageHRM.sort_desceding(UI_ReviewModule_PerformancePageHRM.java:240)
at UI_elements.UI_ReviewModule_PerformancePageHRM.sort_desceding(UI_ReviewModule_PerformancePageHRM.java:240)
at UI_elements.UI_ReviewModule_PerformancePageHRM.sort_desceding(UI_ReviewModule_PerformancePageHRM.java:240)
at UI_elements.UI_ReviewModule_PerformancePageHRM.sort_desceding(UI_ReviewModule_PerformancePageHRM.java:240)
at UI_elements.UI_ReviewModule_PerformancePageHRM.sort_desceding(UI_ReviewModule_PerformancePageHRM.java:240)
at UI_elements.UI_ReviewModule_PerformancePageHRM.sort_desceding(UI_ReviewModule_PerformancePageHRM.java:240)
at UI_elements.UI_ReviewModule_PerformancePageHRM.sort_desceding(UI_ReviewModule_PerformancePageHRM.java:240)
at UI_elements.UI_ReviewModule_PerformancePageHRM.sort_desceding(UI_ReviewModule_PerformancePageHRM.java:240)
at UI_elements.UI_ReviewModule_PerformancePageHRM.sort_desceding(UI_ReviewModule_PerformancePageHRM.java:240)
at UI_elements.UI_ReviewModule_PerformancePageHRM.sort_desceding(UI_ReviewModule_PerformancePageHRM.java:240)
at UI_elements.UI_ReviewModule_PerformancePageHRM.sort_desceding(UI_ReviewModule_PerformancePageHRM.java:240)
at UI_elements.UI_ReviewModule_PerformancePageHRM.sort_desceding(UI_ReviewModule_PerformancePageHRM.java:240)
at UI_elements.UI_ReviewModule_PerformancePageHRM.sort_desceding(UI_ReviewModule_PerformancePageHRM.java:240)
at UI_elements.UI_ReviewModule_PerformancePageHRM.sort_desceding(UI_ReviewModule_PerformancePageHRM.java:240)
at UI_elements.UI_ReviewModule_PerformancePageHRM.sort_desceding(UI_ReviewModule_PerformancePageHRM.java:240)
at UI_elements.UI_ReviewModule_PerformancePageHRM.sort_desceding(UI_ReviewModule_PerformancePageHRM.java:240)
at UI_elements.UI_ReviewModule_PerformancePageHRM.sort_desceding(UI_ReviewModule_PerformancePageHRM.java:240)
at UI_elements.UI_ReviewModule_PerformancePageHRM.sort_desceding(UI_ReviewModule_PerformancePageHRM.java:240)
at UI_elements.UI_ReviewModule_PerformancePageHRM.sort_desceding(UI_ReviewModule_PerformancePageHRM.java:240)
at UI_elements.UI_ReviewModule_PerformancePageHRM.sort_desceding(UI_ReviewModule_PerformancePageHRM.java:240)
at UI_elements.UI_ReviewModule_PerformancePageHRM.sort_desceding(UI_ReviewModule_PerformancePageHRM.java:240)
at UI_elements.UI_ReviewModule_PerformancePageHRM.sort_desceding(UI_ReviewModule_PerformancePageHRM.java:240)
at UI_elements.UI_ReviewModule_PerformancePageHRM.sort_desceding(UI_ReviewModule_PerformancePageHRM.java:240)
at UI_elements.UI_ReviewModule_PerformancePageHRM.sort_desceding(UI_ReviewModule_PerformancePageHRM.java:240)
at UI_elements.UI_ReviewModule_PerformancePageHRM.sort_desceding(UI_ReviewModule_PerformancePageHRM.java:240)
at UI_elements.UI_ReviewModule_PerformancePageHRM.sort_desceding(UI_ReviewModule_PerformancePageHRM.java:240)
at UI_elements.UI_ReviewModule_PerformancePageHRM.sort_desceding(UI_ReviewModule_PerformancePageHRM.java:240)
at UI_elements.UI_ReviewModule_PerformancePageHRM.sort_desceding(UI_ReviewModule_PerformancePageHRM.java:240)
at UI_elements.UI_ReviewModule_PerformancePageHRM.sort_desceding(UI_ReviewModule_PerformancePageHRM.java:240)
at UI_elements.UI_ReviewModule_PerformancePageHRM.sort_desceding(UI_ReviewModule_PerformancePageHRM.java:240)
at UI_elements.UI_ReviewModule_PerformancePageHRM.sort_desceding(UI_ReviewModule_PerformancePageHRM.java:240)
at UI_elements.UI_ReviewModule_PerformancePageHRM.sort_desceding(UI_ReviewModule_PerformancePageHRM.java:240)
at UI_elements.UI_ReviewModule_PerformancePageHRM.sort_desceding(UI_ReviewModule_PerformancePageHRM.java:240)
at UI_elements.UI_ReviewModule_PerformancePageHRM.sort_desceding(UI_ReviewModule_PerformancePageHRM.java:240)
at UI_elements.UI_ReviewModule_PerformancePageHRM.sort_desceding(UI_ReviewModule_PerformancePageHRM.java:240)
at UI_elements.UI_ReviewModule_PerformancePageHRM.sort_desceding(UI_ReviewModule_PerformancePageHRM.java:240)
at UI_elements.UI_ReviewModule_PerformancePageHRM.sort_desceding(UI_ReviewModule_PerformancePageHRM.java:240)
at UI_elements.UI_ReviewModule_PerformancePageHRM.sort_desceding(UI_ReviewModule_PerformancePageHRM.java:240)
at UI_elements.UI_ReviewModule_PerformancePageHRM.sort_desceding(UI_ReviewModule_PerformancePageHRM.java:240)
at UI_elements.UI_ReviewModule_PerformancePageHRM.sort_desceding(UI_ReviewModule_PerformancePageHRM.java:240)
at UI_elements.UI_ReviewModule_PerformancePageHRM.sort_desceding(UI_ReviewModule_PerformancePageHRM.java:240)
at UI_elements.UI_ReviewModule_PerformancePageHRM.sort_desceding(UI_ReviewModule_PerformancePageHRM.java:240)
at UI_elements.UI_ReviewModule_PerformancePageHRM.sort_desceding(UI_ReviewModule_PerformancePageHRM.java:240)
at UI_elements.UI_ReviewModule_PerformancePageHRM.sort_desceding(UI_ReviewModule_PerformancePageHRM.java:240)
at UI_elements.UI_ReviewModule_PerformancePageHRM.sort_desceding(UI_ReviewModule_PerformancePageHRM.java:240)
at UI_elements.UI_ReviewModule_PerformancePageHRM.sort_desceding(UI_ReviewModule_PerformancePageHRM.java:240)
at UI_elements.UI_ReviewModule_PerformancePageHRM.sort_desceding(UI_ReviewModule_PerformancePageHRM.java:240)
at UI_elements.UI_ReviewModule_PerformancePageHRM.sort_desceding(UI_ReviewModule_PerformancePageHRM.java:240)
at UI_elements.UI_ReviewModule_PerformancePageHRM.sort_desceding(UI_ReviewModule_PerformancePageHRM.java:240)
at UI_elements.UI_ReviewModule_PerformancePageHRM.sort_desceding(UI_ReviewModule_PerformancePageHRM.java:240)
at UI_elements.UI_ReviewModule_PerformancePageHRM.sort_desceding(UI_ReviewModule_PerformancePageHRM.java:240)
at UI_elements.UI_ReviewModule_PerformancePageHRM.sort_desceding(UI_ReviewModule_PerformancePageHRM.java:240)
at UI_elements.UI_ReviewModule_PerformancePageHRM.sort_desceding(UI_ReviewModule_PerformancePageHRM.java:240)
at UI_elements.UI_ReviewModule_PerformancePageHRM.sort_desceding(UI_ReviewModule_PerformancePageHRM.java:240)
at UI_elements.UI_ReviewModule_PerformancePageHRM.sort_desceding(UI_ReviewModule_PerformancePageHRM.java:240)
at UI_elements.UI_ReviewModule_PerformancePageHRM.sort_desceding(UI_ReviewModule_PerformancePageHRM.java:240)
at UI_elements.UI_ReviewModule_PerformancePageHRM.sort_desceding(UI_ReviewModule_PerformancePageHRM.java:240)
at UI_elements.UI_ReviewModule_PerformancePageHRM.sort_desceding(UI_ReviewModule_PerformancePageHRM.java:240)
at UI_elements.UI_ReviewModule_PerformancePageHRM.sort_desceding(UI_ReviewModule_PerformancePageHRM.java:240)
at UI_elements.UI_ReviewModule_PerformancePageHRM.sort_desceding(UI_ReviewModule_PerformancePageHRM.java:240)
at UI_elements.UI_ReviewModule_PerformancePageHRM.sort_desceding(UI_ReviewModule_PerformancePageHRM.java:240)
at UI_elements.UI_ReviewModule_PerformancePageHRM.sort_desceding(UI_ReviewModule_PerformancePageHRM.java:240)
at UI_elements.UI_ReviewModule_PerformancePageHRM.sort_desceding(UI_ReviewModule_PerformancePageHRM.java:240)
at UI_elements.UI_ReviewModule_PerformancePageHRM.sort_desceding(UI_ReviewModule_PerformancePageHRM.java:240)
at UI_elements.UI_ReviewModule_PerformancePageHRM.sort_desceding(UI_ReviewModule_PerformancePageHRM.java:240)
at UI_elements.UI_ReviewModule_PerformancePageHRM.sort_desceding(UI_ReviewModule_PerformancePageHRM.java:240)
at UI_elements.UI_ReviewModule_PerformancePageHRM.sort_desceding(UI_ReviewModule_PerformancePageHRM.java:240)
at UI_elements.UI_ReviewModule_PerformancePageHRM.sort_desceding(UI_ReviewModule_PerformancePageHRM.java:240)
at UI_elements.UI_ReviewModule_PerformancePageHRM.sort_desceding(UI_ReviewModule_PerformancePageHRM.java:240)
at UI_elements.UI_ReviewModule_PerformancePageHRM.sort_desceding(UI_ReviewModule_PerformancePageHRM.java:240)
at UI_elements.UI_ReviewModule_PerformancePageHRM.sort_desceding(UI_ReviewModule_PerformancePageHRM.java:240)
at UI_elements.UI_ReviewModule_PerformancePageHRM.sort_desceding(UI_ReviewModule_PerformancePageHRM.java:240)
at UI_elements.UI_ReviewModule_PerformancePageHRM.sort_desceding(UI_ReviewModule_PerformancePageHRM.java:240)
at UI_elements.UI_ReviewModule_PerformancePageHRM.sort_desceding(UI_ReviewModule_PerformancePageHRM.java:240)
at UI_elements.UI_ReviewModule_PerformancePageHRM.sort_desceding(UI_ReviewModule_PerformancePageHRM.java:240)
at UI_elements.UI_ReviewModule_PerformancePageHRM.sort_desceding(UI_ReviewModule_PerformancePageHRM.java:240)
at UI_elements.UI_ReviewModule_PerformancePageHRM.sort_desceding(UI_ReviewModule_PerformancePageHRM.java:240)
at UI_elements.UI_ReviewModule_PerformancePageHRM.sort_desceding(UI_ReviewModule_PerformancePageHRM.java:240)
at UI_elements.UI_ReviewModule_PerformancePageHRM.sort_desceding(UI_ReviewModule_PerformancePageHRM.java:240)
at UI_elements.UI_ReviewModule_PerformancePageHRM.sort_desceding(UI_ReviewModule_PerformancePageHRM.java:240)
at UI_elements.UI_ReviewModule_PerformancePageHRM.sort_desceding(UI_ReviewModule_PerformancePageHRM.java:240)
at UI_elements.UI_ReviewModule_PerformancePageHRM.sort_desceding(UI_ReviewModule_PerformancePageHRM.java:240)
at UI_elements.UI_ReviewModule_PerformancePageHRM.sort_desceding(UI_ReviewModule_PerformancePageHRM.java:240)
at UI_elements.UI_ReviewModule_PerformancePageHRM.sort_desceding(UI_ReviewModule_PerformancePageHRM.java:240)
at UI_elements.UI_ReviewModule_PerformancePageHRM.sort_desceding(UI_ReviewModule_PerformancePageHRM.java:240)
at UI_elements.UI_ReviewModule_PerformancePageHRM.sort_desceding(UI_ReviewModule_PerformancePageHRM.java:240)
at UI_elements.UI_ReviewModule_PerformancePageHRM.sort_desceding(UI_ReviewModule_PerformancePageHRM.java:240)
at UI_elements.UI_ReviewModule_PerformancePageHRM.sort_desceding(UI_ReviewModule_PerformancePageHRM.java:240)
at UI_elements.UI_ReviewModule_PerformancePageHRM.sort_desceding(UI_ReviewModule_PerformancePageHRM.java:240)
at UI_elements.UI_ReviewModule_PerformancePageHRM.sort_desceding(UI_ReviewModule_PerformancePageHRM.java:240)
at UI_elements.UI_ReviewModule_PerformancePageHRM.sort_desceding(UI_ReviewModule_PerformancePageHRM.java:240)
at UI_elements.UI_ReviewModule_PerformancePageHRM.sort_desceding(UI_ReviewModule_PerformancePageHRM.java:240)
at UI_elements.UI_ReviewModule_PerformancePageHRM.sort_desceding(UI_ReviewModule_PerformancePageHRM.java:240)
at UI_elements.UI_ReviewModule_PerformancePageHRM.sort_desceding(UI_ReviewModule_PerformancePageHRM.java:240)
at UI_elements.UI_ReviewModule_PerformancePageHRM.sort_desceding(UI_ReviewModule_PerformancePageHRM.java:240)
at UI_elements.UI_ReviewModule_PerformancePageHRM.sort_desceding(UI_ReviewModule_PerformancePageHRM.java:240)
at UI_elements.UI_ReviewModule_PerformancePageHRM.sort_desceding(UI_ReviewModule_PerformancePageHRM.java:240)
at UI_elements.UI_ReviewModule_PerformancePageHRM.sort_desceding(UI_ReviewModule_PerformancePageHRM.java:240)
at UI_elements.UI_ReviewModule_PerformancePageHRM.sort_desceding(UI_ReviewModule_PerformancePageHRM.java:240)
at UI_elements.UI_ReviewModule_PerformancePageHRM.sort_desceding(UI_ReviewModule_PerformancePageHRM.java:240)
at UI_elements.UI_ReviewModule_PerformancePageHRM.sort_desceding(UI_ReviewModule_PerformancePageHRM.java:240)
at UI_elements.UI_ReviewModule_PerformancePageHRM.sort_desceding(UI_ReviewModule_PerformancePageHRM.java:240)
at UI_elements.UI_ReviewModule_PerformancePageHRM.sort_desceding(UI_ReviewModule_PerformancePageHRM.java:240)
at UI_elements.UI_ReviewModule_PerformancePageHRM.sort_desceding(UI_ReviewModule_PerformancePageHRM.java:240)
at UI_elements.UI_ReviewModule_PerformancePageHRM.sort_desceding(UI_ReviewModule_PerformancePageHRM.java:240)
at UI_elements.UI_ReviewModule_PerformancePageHRM.sort_desceding(UI_ReviewModule_PerformancePageHRM.java:240)
at UI_elements.UI_ReviewModule_PerformancePageHRM.sort_desceding(UI_ReviewModule_PerformancePageHRM.java:240)
at UI_elements.UI_ReviewModule_PerformancePageHRM.sort_desceding(UI_ReviewModule_PerformancePageHRM.java:240)
at UI_elements.UI_ReviewModule_PerformancePageHRM.sort_desceding(UI_ReviewModule_PerformancePageHRM.java:240)
at UI_elements.UI_ReviewModule_PerformancePageHRM.sort_desceding(UI_ReviewModule_PerformancePageHRM.java:240)
at UI_elements.UI_ReviewModule_PerformancePageHRM.sort_desceding(UI_ReviewModule_PerformancePageHRM.java:240)
at UI_elements.UI_ReviewModule_PerformancePageHRM.sort_desceding(UI_ReviewModule_PerformancePageHRM.java:240)
at UI_elements.UI_ReviewModule_PerformancePageHRM.sort_desceding(UI_ReviewModule_PerformancePageHRM.java:240)
at UI_elements.UI_ReviewModule_PerformancePageHRM.sort_desceding(UI_ReviewModule_PerformancePageHRM.java:240)
at UI_elements.UI_ReviewModule_PerformancePageHRM.sort_desceding(UI_ReviewModule_PerformancePageHRM.java:240)
at UI_elements.UI_ReviewModule_PerformancePageHRM.sort_desceding(UI_ReviewModule_PerformancePageHRM.java:240)
at UI_elements.UI_ReviewModule_PerformancePageHRM.sort_desceding(UI_ReviewModule_PerformancePageHRM.java:240)
at UI_elements.UI_ReviewModule_PerformancePageHRM.sort_desceding(UI_ReviewModule_PerformancePageHRM.java:240)
at UI_elements.UI_ReviewModule_PerformancePageHRM.sort_desceding(UI_ReviewModule_PerformancePageHRM.java:240)
at UI_elements.UI_ReviewModule_PerformancePageHRM.sort_desceding(UI_ReviewModule_PerformancePageHRM.java:240)
at UI_elements.UI_ReviewModule_PerformancePageHRM.sort_desceding(UI_ReviewModule_PerformancePageHRM.java:240)
at UI_elements.UI_ReviewModule_PerformancePageHRM.sort_desceding(UI_ReviewModule_PerformancePageHRM.java:240)
at UI_elements.UI_ReviewModule_PerformancePageHRM.sort_desceding(UI_ReviewModule_PerformancePageHRM.java:240)
at UI_elements.UI_ReviewModule_PerformancePageHRM.sort_desceding(UI_ReviewModule_PerformancePageHRM.java:240)
at UI_elements.UI_ReviewModule_PerformancePageHRM.sort_desceding(UI_ReviewModule_PerformancePageHRM.java:240)
at UI_elements.UI_ReviewModule_PerformancePageHRM.sort_desceding(UI_ReviewModule_PerformancePageHRM.java:240)
at UI_elements.UI_ReviewModule_PerformancePageHRM.sort_desceding(UI_ReviewModule_PerformancePageHRM.java:240)
at UI_elements.UI_ReviewModule_PerformancePageHRM.sort_desceding(UI_ReviewModule_PerformancePageHRM.java:240)
at UI_elements.UI_ReviewModule_PerformancePageHRM.sort_desceding(UI_ReviewModule_PerformancePageHRM.java:240)
at UI_elements.UI_ReviewModule_PerformancePageHRM.sort_desceding(UI_ReviewModule_PerformancePageHRM.java:240)
at UI_elements.UI_ReviewModule_PerformancePageHRM.sort_desceding(UI_ReviewModule_PerformancePageHRM.java:240)
at UI_elements.UI_ReviewModule_PerformancePageHRM.sort_desceding(UI_ReviewModule_PerformancePageHRM.java:240)
at UI_elements.UI_ReviewModule_PerformancePageHRM.sort_desceding(UI_ReviewModule_PerformancePageHRM.java:240)
at UI_elements.UI_ReviewModule_PerformancePageHRM.sort_desceding(UI_ReviewModule_PerformancePageHRM.java:240)
at UI_elements.UI_ReviewModule_PerformancePageHRM.sort_desceding(UI_ReviewModule_PerformancePageHRM.java:240)
at UI_elements.UI_ReviewModule_PerformancePageHRM.sort_desceding(UI_ReviewModule_PerformancePageHRM.java:240)
at UI_elements.UI_ReviewModule_PerformancePageHRM.sort_desceding(UI_ReviewModule_PerformancePageHRM.java:240)
at UI_elements.UI_ReviewModule_PerformancePageHRM.sort_desceding(UI_ReviewModule_PerformancePageHRM.java:240)
at UI_elements.UI_ReviewModule_PerformancePageHRM.sort_desceding(UI_ReviewModule_PerformancePageHRM.java:240)
at UI_elements.UI_ReviewModule_PerformancePageHRM.sort_desceding(UI_ReviewModule_PerformancePageHRM.java:240)
at UI_elements.UI_ReviewModule_PerformancePageHRM.sort_desceding(UI_ReviewModule_PerformancePageHRM.java:240)
at UI_elements.UI_ReviewModule_PerformancePageHRM.sort_desceding(UI_ReviewModule_PerformancePageHRM.java:240)
at UI_elements.UI_ReviewModule_PerformancePageHRM.sort_desceding(UI_ReviewModule_PerformancePageHRM.java:240)
at UI_elements.UI_ReviewModule_PerformancePageHRM.sort_desceding(UI_ReviewModule_PerformancePageHRM.java:240)
at UI_elements.UI_ReviewModule_PerformancePageHRM.sort_desceding(UI_ReviewModule_PerformancePageHRM.java:240)
at UI_elements.UI_ReviewModule_PerformancePageHRM.sort_desceding(UI_ReviewModule_PerformancePageHRM.java:240)
at UI_elements.UI_ReviewModule_PerformancePageHRM.sort_desceding(UI_ReviewModule_PerformancePageHRM.java:240)
at UI_elements.UI_ReviewModule_PerformancePageHRM.sort_desceding(UI_ReviewModule_PerformancePageHRM.java:240)
at UI_elements.UI_ReviewModule_PerformancePageHRM.sort_desceding(UI_ReviewModule_PerformancePageHRM.java:240)
at UI_elements.UI_ReviewModule_PerformancePageHRM.sort_desceding(UI_ReviewModule_PerformancePageHRM.java:240)
at UI_elements.UI_ReviewModule_PerformancePageHRM.sort_desceding(UI_ReviewModule_PerformancePageHRM.java:240)
at UI_elements.UI_ReviewModule_PerformancePageHRM.sort_desceding(UI_ReviewModule_PerformancePageHRM.java:240)
at UI_elements.UI_ReviewModule_PerformancePageHRM.sort_desceding(UI_ReviewModule_PerformancePageHRM.java:240)
at UI_elements.UI_ReviewModule_PerformancePageHRM.sort_desceding(UI_ReviewModule_PerformancePageHRM.java:240)
at UI_elements.UI_ReviewModule_PerformancePageHRM.sort_desceding(UI_ReviewModule_PerformancePageHRM.java:240)
at UI_elements.UI_ReviewModule_PerformancePageHRM.sort_desceding(UI_ReviewModule_PerformancePageHRM.java:240)
at UI_elements.UI_ReviewModule_PerformancePageHRM.sort_desceding(UI_ReviewModule_PerformancePageHRM.java:240)
at UI_elements.UI_ReviewModule_PerformancePageHRM.sort_desceding(UI_ReviewModule_PerformancePageHRM.java:240)
at UI_elements.UI_ReviewModule_PerformancePageHRM.sort_desceding(UI_ReviewModule_PerformancePageHRM.java:240)
at UI_elements.UI_ReviewModule_PerformancePageHRM.sort_desceding(UI_ReviewModule_PerformancePageHRM.java:240)
at UI_elements.UI_ReviewModule_PerformancePageHRM.sort_desceding(UI_ReviewModule_PerformancePageHRM.java:240)
at UI_elements.UI_ReviewModule_PerformancePageHRM.sort_desceding(UI_ReviewModule_PerformancePageHRM.java:240)
at UI_elements.UI_ReviewModule_PerformancePageHRM.sort_desceding(UI_ReviewModule_PerformancePageHRM.java:240)
at UI_elements.UI_ReviewModule_PerformancePageHRM.sort_desceding(UI_ReviewModule_PerformancePageHRM.java:240)
at UI_elements.UI_ReviewModule_PerformancePageHRM.sort_desceding(UI_ReviewModule_PerformancePageHRM.java:240)
at UI_elements.UI_ReviewModule_PerformancePageHRM.sort_desceding(UI_ReviewModule_PerformancePageHRM.java:240)
at UI_elements.UI_ReviewModule_PerformancePageHRM.sort_desceding(UI_ReviewModule_PerformancePageHRM.java:240)
at UI_elements.UI_ReviewModule_PerformancePageHRM.sort_desceding(UI_ReviewModule_PerformancePageHRM.java:240)
at UI_elements.UI_ReviewModule_PerformancePageHRM.sort_desceding(UI_ReviewModule_PerformancePageHRM.java:240)
at UI_elements.UI_ReviewModule_PerformancePageHRM.sort_desceding(UI_ReviewModule_PerformancePageHRM.java:240)
at UI_elements.UI_ReviewModule_PerformancePageHRM.sort_desceding(UI_ReviewModule_PerformancePageHRM.java:240)
at UI_elements.UI_ReviewModule_PerformancePageHRM.sort_desceding(UI_ReviewModule_PerformancePageHRM.java:240)
at UI_elements.UI_ReviewModule_PerformancePageHRM.sort_desceding(UI_ReviewModule_PerformancePageHRM.java:240)
at UI_elements.UI_ReviewModule_PerformancePageHRM.sort_desceding(UI_ReviewModule_PerformancePageHRM.java:240)
at UI_elements.UI_ReviewModule_PerformancePageHRM.sort_desceding(UI_ReviewModule_PerformancePageHRM.java:240)
at UI_elements.UI_ReviewModule_PerformancePageHRM.sort_desceding(UI_ReviewModule_PerformancePageHRM.java:240)
at UI_elements.UI_ReviewModule_PerformancePageHRM.sort_desceding(UI_ReviewModule_PerformancePageHRM.java:240)
at UI_elements.UI_ReviewModule_PerformancePageHRM.sort_desceding(UI_ReviewModule_PerformancePageHRM.java:240)
at UI_elements.UI_ReviewModule_PerformancePageHRM.sort_desceding(UI_ReviewModule_PerformancePageHRM.java:240)
at UI_elements.UI_ReviewModule_PerformancePageHRM.sort_desceding(UI_ReviewModule_PerformancePageHRM.java:240)
at UI_elements.UI_ReviewModule_PerformancePageHRM.sort_desceding(UI_ReviewModule_PerformancePageHRM.java:240)
at UI_elements.UI_ReviewModule_PerformancePageHRM.sort_desceding(UI_ReviewModule_PerformancePageHRM.java:240)
at UI_elements.UI_ReviewModule_PerformancePageHRM.sort_desceding(UI_ReviewModule_PerformancePageHRM.java:240)
at UI_elements.UI_ReviewModule_PerformancePageHRM.sort_desceding(UI_ReviewModule_PerformancePageHRM.java:240)
at UI_elements.UI_ReviewModule_PerformancePageHRM.sort_desceding(UI_ReviewModule_PerformancePageHRM.java:240)
at UI_elements.UI_ReviewModule_PerformancePageHRM.sort_desceding(UI_ReviewModule_PerformancePageHRM.java:240)
at UI_elements.UI_ReviewModule_PerformancePageHRM.sort_desceding(UI_ReviewModule_PerformancePageHRM.java:240)
at UI_elements.UI_ReviewModule_PerformancePageHRM.sort_desceding(UI_ReviewModule_PerformancePageHRM.java:240)
at UI_elements.UI_ReviewModule_PerformancePageHRM.sort_desceding(UI_ReviewModule_PerformancePageHRM.java:240)
at UI_elements.UI_ReviewModule_PerformancePageHRM.sort_desceding(UI_ReviewModule_PerformancePageHRM.java:240)
at UI_elements.UI_ReviewModule_PerformancePageHRM.sort_desceding(UI_ReviewModule_PerformancePageHRM.java:240)
at UI_elements.UI_ReviewModule_PerformancePageHRM.sort_desceding(UI_ReviewModule_PerformancePageHRM.java:240)
at UI_elements.UI_ReviewModule_PerformancePageHRM.sort_desceding(UI_ReviewModule_PerformancePageHRM.java:240)
at UI_elements.UI_ReviewModule_PerformancePageHRM.sort_desceding(UI_ReviewModule_PerformancePageHRM.java:240)
at UI_elements.UI_ReviewModule_PerformancePageHRM.sort_desceding(UI_ReviewModule_PerformancePageHRM.java:240)
at UI_elements.UI_ReviewModule_PerformancePageHRM.sort_desceding(UI_ReviewModule_PerformancePageHRM.java:240)
at UI_elements.UI_ReviewModule_PerformancePageHRM.sort_desceding(UI_ReviewModule_PerformancePageHRM.java:240)
at UI_elements.UI_ReviewModule_PerformancePageHRM.sort_desceding(UI_ReviewModule_PerformancePageHRM.java:240)
at UI_elements.UI_ReviewModule_PerformancePageHRM.sort_desceding(UI_ReviewModule_PerformancePageHRM.java:240)
at UI_elements.UI_ReviewModule_PerformancePageHRM.sort_desceding(UI_ReviewModule_PerformancePageHRM.java:240)
at UI_elements.UI_ReviewModule_PerformancePageHRM.sort_desceding(UI_ReviewModule_PerformancePageHRM.java:240)
at UI_elements.UI_ReviewModule_PerformancePageHRM.sort_desceding(UI_ReviewModule_PerformancePageHRM.java:240)
at UI_elements.UI_ReviewModule_PerformancePageHRM.sort_desceding(UI_ReviewModule_PerformancePageHRM.java:240)
at UI_elements.UI_ReviewModule_PerformancePageHRM.sort_desceding(UI_ReviewModule_PerformancePageHRM.java:240)
at UI_elements.UI_ReviewModule_PerformancePageHRM.sort_desceding(UI_ReviewModule_PerformancePageHRM.java:240)
at UI_elements.UI_ReviewModule_PerformancePageHRM.sort_desceding(UI_ReviewModule_PerformancePageHRM.java:240)
at UI_elements.UI_ReviewModule_PerformancePageHRM.sort_desceding(UI_ReviewModule_PerformancePageHRM.java:240)
at UI_elements.UI_ReviewModule_PerformancePageHRM.sort_desceding(UI_ReviewModule_PerformancePageHRM.java:240)
at UI_elements.UI_ReviewModule_PerformancePageHRM.sort_desceding(UI_ReviewModule_PerformancePageHRM.java:240)
at UI_elements.UI_ReviewModule_PerformancePageHRM.sort_desceding(UI_ReviewModule_PerformancePageHRM.java:240)
[...]
at UI_elements.UI_ReviewModule_PerformancePageHRM.sort_desceding(UI_ReviewModule_PerformancePageHRM.java:240)
at UI_elements.UI_ReviewModule_PerformancePageHRM.sort_desceding(UI_ReviewModule_PerformancePageHRM.java:240)
at UI_elements.UI_ReviewModule_PerformancePageHRM.sort_desceding(UI_ReviewModule_PerformancePageHRM.java:240)
at UI_elements.UI_ReviewModule_PerformancePageHRM.sort_desceding(UI_ReviewModule_PerformancePageHRM.java:240)
at UI_elements.UI_ReviewModule_PerformancePageHRM.sort_desceding(UI_ReviewModule_PerformancePageHRM.java:240)
at UI_elements.UI_ReviewModule_PerformancePageHRM.sort_desceding(UI_ReviewModule_PerformancePageHRM.java:240)
at UI_elements.UI_ReviewModule_PerformancePageHRM.sort_desceding(UI_ReviewModule_PerformancePageHRM.java:240)
at UI_elements.UI_ReviewModule_PerformancePageHRM.sort_desceding(UI_ReviewModule_PerformancePageHRM.java:240)
at UI_elements.UI_ReviewModule_PerformancePageHRM.sort_desceding(UI_ReviewModule_PerformancePageHRM.java:240)
at UI_elements.UI_ReviewModule_PerformancePageHRM.sort_desceding(UI_ReviewModule_PerformancePageHRM.java:240)
at UI_elements.UI_ReviewModule_PerformancePageHRM.sort_desceding(UI_ReviewModule_PerformancePageHRM.java:240)
at UI_elements.UI_ReviewModule_PerformancePageHRM.sort_desceding(UI_ReviewModule_PerformancePageHRM.java:240)
at UI_elements.UI_ReviewModule_PerformancePageHRM.sort_desceding(UI_ReviewModule_PerformancePageHRM.java:240)
at UI_elements.UI_ReviewModule_PerformancePageHRM.sort_desceding(UI_ReviewModule_PerformancePageHRM.java:240)
at UI_elements.UI_ReviewModule_PerformancePageHRM.sort_desceding(UI_ReviewModule_PerformancePageHRM.java:240)
at UI_elements.UI_ReviewModule_PerformancePageHRM.sort_desceding(UI_ReviewModule_PerformancePageHRM.java:240)
at UI_elements.UI_ReviewModule_PerformancePageHRM.sort_desceding(UI_ReviewModule_PerformancePageHRM.java:240)
at UI_elements.UI_ReviewModule_PerformancePageHRM.sort_desceding(UI_ReviewModule_PerformancePageHRM.java:240)
at UI_elements.UI_ReviewModule_PerformancePageHRM.sort_desceding(UI_ReviewModule_PerformancePageHRM.java:240)
at UI_elements.UI_ReviewModule_PerformancePageHRM.sort_desceding(UI_ReviewModule_PerformancePageHRM.java:240)
at UI_elements.UI_ReviewModule_PerformancePageHRM.sort_desceding(UI_ReviewModule_PerformancePageHRM.java:240)
at UI_elements.UI_ReviewModule_PerformancePageHRM.sort_desceding(UI_ReviewModule_PerformancePageHRM.java:240)
at UI_elements.UI_ReviewModule_PerformancePageHRM.sort_desceding(UI_ReviewModule_PerformancePageHRM.java:240)
at UI_elements.UI_ReviewModule_PerformancePageHRM.sort_desceding(UI_ReviewModule_PerformancePageHRM.java:240)
at UI_elements.UI_ReviewModule_PerformancePageHRM.sort_desceding(UI_ReviewModule_PerformancePageHRM.java:240)
at UI_elements.UI_ReviewModule_PerformancePageHRM.sort_desceding(UI_ReviewModule_PerformancePageHRM.java:240)
at UI_elements.UI_ReviewModule_PerformancePageHRM.sort_desceding(UI_ReviewModule_PerformancePageHRM.java:240)
at UI_elements.UI_ReviewModule_PerformancePageHRM.sort_desceding(UI_ReviewModule_PerformancePageHRM.java:240)
at UI_elements.UI_ReviewModule_PerformancePageHRM.sort_desceding(UI_ReviewModule_PerformancePageHRM.java:240)
at UI_elements.UI_ReviewModule_PerformancePageHRM.sort_desceding(UI_ReviewModule_PerformancePageHRM.java:240)
at UI_elements.UI_ReviewModule_PerformancePageHRM.sort_desceding(UI_ReviewModule_PerformancePageHRM.java:240)
at UI_elements.UI_ReviewModule_PerformancePageHRM.sort_desceding(UI_ReviewModule_PerformancePageHRM.java:240)
at UI_elements.UI_ReviewModule_PerformancePageHRM.sort_desceding(UI_ReviewModule_PerformancePageHRM.java:240)
at UI_elements.UI_ReviewModule_PerformancePageHRM.sort_desceding(UI_ReviewModule_PerformancePageHRM.java:240)
at UI_elements.UI_ReviewModule_PerformancePageHRM.sort_desceding(UI_ReviewModule_PerformancePageHRM.java:240)
at UI_elements.UI_ReviewModule_PerformancePageHRM.sort_desceding(UI_ReviewModule_PerformancePageHRM.java:240)
at UI_elements.UI_ReviewModule_PerformancePageHRM.sort_desceding(UI_ReviewModule_PerformancePageHRM.java:240)
at UI_elements.UI_ReviewModule_PerformancePageHRM.sort_desceding(UI_ReviewModule_PerformancePageHRM.java:240)
at UI_elements.UI_ReviewModule_PerformancePageHRM.sort_desceding(UI_ReviewModule_PerformancePageHRM.java:240)
at UI_elements.UI_ReviewModule_PerformancePageHRM.sort_desceding(UI_ReviewModule_PerformancePageHRM.java:240)
at UI_elements.UI_ReviewModule_PerformancePageHRM.sort_desceding(UI_ReviewModule_PerformancePageHRM.java:240)
at UI_elements.UI_ReviewModule_PerformancePageHRM.sort_desceding(UI_ReviewModule_PerformancePageHRM.java:240)
at UI_elements.UI_ReviewModule_PerformancePageHRM.sort_desceding(UI_ReviewModule_PerformancePageHRM.java:240)
at UI_elements.UI_ReviewModule_PerformancePageHRM.sort_desceding(UI_ReviewModule_PerformancePageHRM.java:240)
at UI_elements.UI_ReviewModule_PerformancePageHRM.sort_desceding(UI_ReviewModule_PerformancePageHRM.java:240)
at UI_elements.UI_ReviewModule_PerformancePageHRM.sort_desceding(UI_ReviewModule_PerformancePageHRM.java:240)
at UI_elements.UI_ReviewModule_PerformancePageHRM.sort_desceding(UI_ReviewModule_PerformancePageHRM.java:240)
at UI_elements.UI_ReviewModule_PerformancePageHRM.sort_desceding(UI_ReviewModule_PerformancePageHRM.java:240)
at UI_elements.UI_ReviewModule_PerformancePageHRM.sort_desceding(UI_ReviewModule_PerformancePageHRM.java:240)
at UI_elements.UI_ReviewModule_PerformancePageHRM.sort_desceding(UI_ReviewModule_PerformancePageHRM.java:240)
at UI_elements.UI_ReviewModule_PerformancePageHRM.sort_desceding(UI_ReviewModule_PerformancePageHRM.java:240)
at UI_elements.UI_ReviewModule_PerformancePageHRM.sort_desceding(UI_ReviewModule_PerformancePageHRM.java:240)
at UI_elements.UI_ReviewModule_PerformancePageHRM.sort_desceding(UI_ReviewModule_PerformancePageHRM.java:240)
at UI_elements.UI_ReviewModule_PerformancePageHRM.sort_desceding(UI_ReviewModule_PerformancePageHRM.java:240)
at UI_elements.UI_ReviewModule_PerformancePageHRM.sort_desceding(UI_ReviewModule_PerformancePageHRM.java:240)
at UI_elements.UI_ReviewModule_PerformancePageHRM.sort_desceding(UI_ReviewModule_PerformancePageHRM.java:240)
at UI_elements.UI_ReviewModule_PerformancePageHRM.sort_desceding(UI_ReviewModule_PerformancePageHRM.java:240)
at UI_elements.UI_ReviewModule_PerformancePageHRM.sort_desceding(UI_ReviewModule_PerformancePageHRM.java:240)
at UI_elements.UI_ReviewModule_PerformancePageHRM.sort_desceding(UI_ReviewModule_PerformancePageHRM.java:240)
at UI_elements.UI_ReviewModule_PerformancePageHRM.sort_desceding(UI_ReviewModule_PerformancePageHRM.java:240)
at UI_elements.UI_ReviewModule_PerformancePageHRM.sort_desceding(UI_ReviewModule_PerformancePageHRM.java:240)
at UI_elements.UI_ReviewModule_PerformancePageHRM.sort_desceding(UI_ReviewModule_PerformancePageHRM.java:240)
at UI_elements.UI_ReviewModule_PerformancePageHRM.sort_desceding(UI_ReviewModule_PerformancePageHRM.java:240)
at UI_elements.UI_ReviewModule_PerformancePageHRM.sort_desceding(UI_ReviewModule_PerformancePageHRM.java:240)
at UI_elements.UI_ReviewModule_PerformancePageHRM.sort_desceding(UI_ReviewModule_PerformancePageHRM.java:240)
at UI_elements.UI_ReviewModule_PerformancePageHRM.sort_desceding(UI_ReviewModule_PerformancePageHRM.java:240)
at UI_elements.UI_ReviewModule_PerformancePageHRM.sort_desceding(UI_ReviewModule_PerformancePageHRM.java:240)
at UI_elements.UI_ReviewModule_PerformancePageHRM.sort_desceding(UI_ReviewModule_PerformancePageHRM.java:240)
at UI_elements.UI_ReviewModule_PerformancePageHRM.sort_desceding(UI_ReviewModule_PerformancePageHRM.java:240)
at UI_elements.UI_ReviewModule_PerformancePageHRM.sort_desceding(UI_ReviewModule_PerformancePageHRM.java:240)
at UI_elements.UI_ReviewModule_PerformancePageHRM.sort_desceding(UI_ReviewModule_PerformancePageHRM.java:240)
at UI_elements.UI_ReviewModule_PerformancePageHRM.sort_desceding(UI_ReviewModule_PerformancePageHRM.java:240)
at UI_elements.UI_ReviewModule_PerformancePageHRM.sort_desceding(UI_ReviewModule_PerformancePageHRM.java:240)
at UI_elements.UI_ReviewModule_PerformancePageHRM.sort_desceding(UI_ReviewModule_PerformancePageHRM.java:240)
at UI_elements.UI_ReviewModule_PerformancePageHRM.sort_desceding(UI_ReviewModule_PerformancePageHRM.java:240)
at UI_elements.UI_ReviewModule_PerformancePageHRM.sort_desceding(UI_ReviewModule_PerformancePageHRM.java:240)
at UI_elements.UI_ReviewModule_PerformancePageHRM.sort_desceding(UI_ReviewModule_PerformancePageHRM.java:240)
at UI_elements.UI_ReviewModule_PerformancePageHRM.sort_desceding(UI_ReviewModule_PerformancePageHRM.java:240)
at UI_elements.UI_ReviewModule_PerformancePageHRM.sort_desceding(UI_ReviewModule_PerformancePageHRM.java:240)
at UI_elements.UI_ReviewModule_PerformancePageHRM.sort_desceding(UI_ReviewModule_PerformancePageHRM.java:240)
at UI_elements.UI_ReviewModule_PerformancePageHRM.sort_desceding(UI_ReviewModule_PerformancePageHRM.java:240)
at UI_elements.UI_ReviewModule_PerformancePageHRM.sort_desceding(UI_ReviewModule_PerformancePageHRM.java:240)
at UI_elements.UI_ReviewModule_PerformancePageHRM.sort_desceding(UI_ReviewModule_PerformancePageHRM.java:240)
at UI_elements.UI_ReviewModule_PerformancePageHRM.sort_desceding(UI_ReviewModule_PerformancePageHRM.java:240)
at UI_elements.UI_ReviewModule_PerformancePageHRM.sort_desceding(UI_ReviewModule_PerformancePageHRM.java:240)
at UI_elements.UI_ReviewModule_PerformancePageHRM.sort_desceding(UI_ReviewModule_PerformancePageHRM.java:240)
at UI_elements.UI_ReviewModule_PerformancePageHRM.sort_desceding(UI_ReviewModule_PerformancePageHRM.java:240)
at UI_elements.UI_ReviewModule_PerformancePageHRM.sort_desceding(UI_ReviewModule_PerformancePageHRM.java:240)
at UI_elements.UI_ReviewModule_PerformancePageHRM.sort_desceding(UI_ReviewModule_PerformancePageHRM.java:240)
at UI_elements.UI_ReviewModule_PerformancePageHRM.sort_desceding(UI_ReviewModule_PerformancePageHRM.java:240)
at UI_elements.UI_ReviewModule_PerformancePageHRM.sort_desceding(UI_ReviewModule_PerformancePageHRM.java:240)
at UI_elements.UI_ReviewModule_PerformancePageHRM.sort_desceding(UI_ReviewModule_PerformancePageHRM.java:240)
at UI_elements.UI_ReviewModule_PerformancePageHRM.sort_desceding(UI_ReviewModule_PerformancePageHRM.java:240)
at UI_elements.UI_ReviewModule_PerformancePageHRM.sort_desceding(UI_ReviewModule_PerformancePageHRM.java:240)
at UI_elements.UI_ReviewModule_PerformancePageHRM.sort_desceding(UI_ReviewModule_PerformancePageHRM.java:240)
at UI_elements.UI_ReviewModule_PerformancePageHRM.sort_desceding(UI_ReviewModule_PerformancePageHRM.java:240)
at UI_elements.UI_ReviewModule_PerformancePageHRM.sort_desceding(UI_ReviewModule_PerformancePageHRM.java:240)
at UI_elements.UI_ReviewModule_PerformancePageHRM.sort_desceding(UI_ReviewModule_PerformancePageHRM.java:240)
at UI_elements.UI_ReviewModule_PerformancePageHRM.sort_desceding(UI_ReviewModule_PerformancePageHRM.java:240)
at UI_elements.UI_ReviewModule_PerformancePageHRM.sort_desceding(UI_ReviewModule_PerformancePageHRM.java:240)
at UI_elements.UI_ReviewModule_PerformancePageHRM.sort_desceding(UI_ReviewModule_PerformancePageHRM.java:240)
at UI_elements.UI_ReviewModule_PerformancePageHRM.sort_desceding(UI_ReviewModule_PerformancePageHRM.java:240)
at UI_elements.UI_ReviewModule_PerformancePageHRM.sort_desceding(UI_ReviewModule_PerformancePageHRM.java:240)
at UI_elements.UI_ReviewModule_PerformancePageHRM.sort_desceding(UI_ReviewModule_PerformancePageHRM.java:240)
at UI_elements.UI_ReviewModule_PerformancePageHRM.sort_desceding(UI_ReviewModule_PerformancePageHRM.java:240)
at UI_elements.UI_ReviewModule_PerformancePageHRM.sort_desceding(UI_ReviewModule_PerformancePageHRM.java:240)
at UI_elements.UI_ReviewModule_PerformancePageHRM.sort_desceding(UI_ReviewModule_PerformancePageHRM.java:240)
at UI_elements.UI_ReviewModule_PerformancePageHRM.sort_desceding(UI_ReviewModule_PerformancePageHRM.java:240)
at UI_elements.UI_ReviewModule_PerformancePageHRM.sort_desceding(UI_ReviewModule_PerformancePageHRM.java:240)
at UI_elements.UI_ReviewModule_PerformancePageHRM.sort_desceding(UI_ReviewModule_PerformancePageHRM.java:240)
at UI_elements.UI_ReviewModule_PerformancePageHRM.sort_desceding(UI_ReviewModule_PerformancePageHRM.java:240)
at UI_elements.UI_ReviewModule_PerformancePageHRM.sort_desceding(UI_ReviewModule_PerformancePageHRM.java:240)
at UI_elements.UI_ReviewModule_PerformancePageHRM.sort_desceding(UI_ReviewModule_PerformancePageHRM.java:240)
at UI_elements.UI_ReviewModule_PerformancePageHRM.sort_desceding(UI_ReviewModule_PerformancePageHRM.java:240)
at UI_elements.UI_ReviewModule_PerformancePageHRM.sort_desceding(UI_ReviewModule_PerformancePageHRM.java:240)
at UI_elements.UI_ReviewModule_PerformancePageHRM.sort_desceding(UI_ReviewModule_PerformancePageHRM.java:240)
at UI_elements.UI_ReviewModule_PerformancePageHRM.sort_desceding(UI_ReviewModule_PerformancePageHRM.java:240)
at UI_elements.UI_ReviewModule_PerformancePageHRM.sort_desceding(UI_ReviewModule_PerformancePageHRM.java:240)
at UI_elements.UI_ReviewModule_PerformancePageHRM.sort_desceding(UI_ReviewModule_PerformancePageHRM.java:240)
at UI_elements.UI_ReviewModule_PerformancePageHRM.sort_desceding(UI_ReviewModule_PerformancePageHRM.java:240)
at UI_elements.UI_ReviewModule_PerformancePageHRM.sort_desceding(UI_ReviewModule_PerformancePageHRM.java:240)
at UI_elements.UI_ReviewModule_PerformancePageHRM.sort_desceding(UI_ReviewModule_PerformancePageHRM.java:240)
at UI_elements.UI_ReviewModule_PerformancePageHRM.sort_desceding(UI_ReviewModule_PerformancePageHRM.java:240)
at UI_elements.UI_ReviewModule_PerformancePageHRM.sort_desceding(UI_ReviewModule_PerformancePageHRM.java:240)
at UI_elements.UI_ReviewModule_PerformancePageHRM.sort_desceding(UI_ReviewModule_PerformancePageHRM.java:240)
at UI_elements.UI_ReviewModule_PerformancePageHRM.sort_desceding(UI_ReviewModule_PerformancePageHRM.java:240)
at UI_elements.UI_ReviewModule_PerformancePageHRM.sort_desceding(UI_ReviewModule_PerformancePageHRM.java:240)
at UI_elements.UI_ReviewModule_PerformancePageHRM.sort_desceding(UI_ReviewModule_PerformancePageHRM.java:240)
at UI_elements.UI_ReviewModule_PerformancePageHRM.sort_desceding(UI_ReviewModule_PerformancePageHRM.java:240)
at UI_elements.UI_ReviewModule_PerformancePageHRM.sort_desceding(UI_ReviewModule_PerformancePageHRM.java:240)
at UI_elements.UI_ReviewModule_PerformancePageHRM.sort_desceding(UI_ReviewModule_PerformancePageHRM.java:240)
at UI_elements.UI_ReviewModule_PerformancePageHRM.sort_desceding(UI_ReviewModule_PerformancePageHRM.java:240)
at UI_elements.UI_ReviewModule_PerformancePageHRM.sort_desceding(UI_ReviewModule_PerformancePageHRM.java:240)
at UI_elements.UI_ReviewModule_PerformancePageHRM.sort_desceding(UI_ReviewModule_PerformancePageHRM.java:240)
at UI_elements.UI_ReviewModule_PerformancePageHRM.sort_desceding(UI_ReviewModule_PerformancePageHRM.java:240)
at UI_elements.UI_ReviewModule_PerformancePageHRM.sort_desceding(UI_ReviewModule_PerformancePageHRM.java:240)
at UI_elements.UI_ReviewModule_PerformancePageHRM.sort_desceding(UI_ReviewModule_PerformancePageHRM.java:240)
at UI_elements.UI_ReviewModule_PerformancePageHRM.sort_desceding(UI_ReviewModule_PerformancePageHRM.java:240)
at UI_elements.UI_ReviewModule_PerformancePageHRM.sort_desceding(UI_ReviewModule_PerformancePageHRM.java:240)
at UI_elements.UI_ReviewModule_PerformancePageHRM.sort_desceding(UI_ReviewModule_PerformancePageHRM.java:240)
at UI_elements.UI_ReviewModule_PerformancePageHRM.sort_desceding(UI_ReviewModule_PerformancePageHRM.java:240)
at UI_elements.UI_ReviewModule_PerformancePageHRM.sort_desceding(UI_ReviewModule_PerformancePageHRM.java:240)
at UI_elements.UI_ReviewModule_PerformancePageHRM.sort_desceding(UI_ReviewModule_PerformancePageHRM.java:240)
at UI_elements.UI_ReviewModule_PerformancePageHRM.sort_desceding(UI_ReviewModule_PerformancePageHRM.java:240)
at UI_elements.UI_ReviewModule_PerformancePageHRM.sort_desceding(UI_ReviewModule_PerformancePageHRM.java:240)
at UI_elements.UI_ReviewModule_PerformancePageHRM.sort_desceding(UI_ReviewModule_PerformancePageHRM.java:240)
at UI_elements.UI_ReviewModule_PerformancePageHRM.sort_desceding(UI_ReviewModule_PerformancePageHRM.java:240)
at UI_elements.UI_ReviewModule_PerformancePageHRM.sort_desceding(UI_ReviewModule_PerformancePageHRM.java:240)
at UI_elements.UI_ReviewModule_PerformancePageHRM.sort_desceding(UI_ReviewModule_PerformancePageHRM.java:240)
at UI_elements.UI_ReviewModule_PerformancePageHRM.sort_desceding(UI_ReviewModule_PerformancePageHRM.java:240)
at UI_elements.UI_ReviewModule_PerformancePageHRM.sort_desceding(UI_ReviewModule_PerformancePageHRM.java:240)
at UI_elements.UI_ReviewModule_PerformancePageHRM.sort_desceding(UI_ReviewModule_PerformancePageHRM.java:240)
at UI_elements.UI_ReviewModule_PerformancePageHRM.sort_desceding(UI_ReviewModule_PerformancePageHRM.java:240)
at UI_elements.UI_ReviewModule_PerformancePageHRM.sort_desceding(UI_ReviewModule_PerformancePageHRM.java:240)
at UI_elements.UI_ReviewModule_PerformancePageHRM.sort_desceding(UI_ReviewModule_PerformancePageHRM.java:240)
at UI_elements.UI_ReviewModule_PerformancePageHRM.sort_desceding(UI_ReviewModule_PerformancePageHRM.java:240)
at UI_elements.UI_ReviewModule_PerformancePageHRM.sort_desceding(UI_ReviewModule_PerformancePageHRM.java:240)
at UI_elements.UI_ReviewModule_PerformancePageHRM.sort_desceding(UI_ReviewModule_PerformancePageHRM.java:240)
at UI_elements.UI_ReviewModule_PerformancePageHRM.sort_desceding(UI_ReviewModule_PerformancePageHRM.java:240)
at UI_elements.UI_ReviewModule_PerformancePageHRM.sort_desceding(UI_ReviewModule_PerformancePageHRM.java:240)
at UI_elements.UI_ReviewModule_PerformancePageHRM.sort_desceding(UI_ReviewModule_PerformancePageHRM.java:240)
at UI_elements.UI_ReviewModule_PerformancePageHRM.sort_desceding(UI_ReviewModule_PerformancePageHRM.java:240)
at UI_elements.UI_ReviewModule_PerformancePageHRM.sort_desceding(UI_ReviewModule_PerformancePageHRM.java:240)
at UI_elements.UI_ReviewModule_PerformancePageHRM.sort_desceding(UI_ReviewModule_PerformancePageHRM.java:240)
at UI_elements.UI_ReviewModule_PerformancePageHRM.sort_desceding(UI_ReviewModule_PerformancePageHRM.java:240)
at UI_elements.UI_ReviewModule_PerformancePageHRM.sort_desceding(UI_ReviewModule_PerformancePageHRM.java:240)
at UI_elements.UI_ReviewModule_PerformancePageHRM.sort_desceding(UI_ReviewModule_PerformancePageHRM.java:240)
at UI_elements.UI_ReviewModule_PerformancePageHRM.sort_desceding(UI_ReviewModule_PerformancePageHRM.java:240)
at UI_elements.UI_ReviewModule_PerformancePageHRM.sort_desceding(UI_ReviewModule_PerformancePageHRM.java:240)
at UI_elements.UI_ReviewModule_PerformancePageHRM.sort_desceding(UI_ReviewModule_PerformancePageHRM.java:240)
at UI_elements.UI_ReviewModule_PerformancePageHRM.sort_desceding(UI_ReviewModule_PerformancePageHRM.java:240)
at UI_elements.UI_ReviewModule_PerformancePageHRM.sort_desceding(UI_ReviewModule_PerformancePageHRM.java:240)
at UI_elements.UI_ReviewModule_PerformancePageHRM.sort_desceding(UI_ReviewModule_PerformancePageHRM.java:240)
at UI_elements.UI_ReviewModule_PerformancePageHRM.sort_desceding(UI_ReviewModule_PerformancePageHRM.java:240)
at UI_elements.UI_ReviewModule_PerformancePageHRM.sort_desceding(UI_ReviewModule_PerformancePageHRM.java:240)
at UI_elements.UI_ReviewModule_PerformancePageHRM.sort_desceding(UI_ReviewModule_PerformancePageHRM.java:240)
at UI_elements.UI_ReviewModule_PerformancePageHRM.sort_desceding(UI_ReviewModule_PerformancePageHRM.java:240)
at UI_elements.UI_ReviewModule_PerformancePageHRM.sort_desceding(UI_ReviewModule_PerformancePageHRM.java:240)
at UI_elements.UI_ReviewModule_PerformancePageHRM.sort_desceding(UI_ReviewModule_PerformancePageHRM.java:240)
at UI_elements.UI_ReviewModule_PerformancePageHRM.sort_desceding(UI_ReviewModule_PerformancePageHRM.java:240)
]]>
    </error>
  </testcase> <!-- Validate_employeeSort -->
  <system-out/>
</testsuite> <!-- Test_pkg.Test_ReviewModule_PerformancePageHRM -->
